[0.011s] Invoking command in '/home/wasim/r4s/build/eddie_ros': CMAKE_MODULE_PATH=/home/wasim/r4s/install/orocos_kdl/share/orocos_kdl/cmake CMAKE_PREFIX_PATH=/home/wasim/r4s/install/robif2b:/home/wasim/r4s/install/orocos_kdl:/home/wasim/r4s/install/coord2b:/opt/ros/jazzy/opt/gz_sim_vendor:/opt/ros/jazzy/opt/gz_sensors_vendor:/opt/ros/jazzy/opt/gz_physics_vendor:/opt/ros/jazzy/opt/sdformat_vendor:/opt/ros/jazzy/opt/gz_gui_vendor:/opt/ros/jazzy/opt/gz_transport_vendor:/opt/ros/jazzy/opt/gz_rendering_vendor:/opt/ros/jazzy/opt/gz_plugin_vendor:/opt/ros/jazzy/opt/gz_fuel_tools_vendor:/opt/ros/jazzy/opt/gz_msgs_vendor:/opt/ros/jazzy/opt/gz_common_vendor:/opt/ros/jazzy/opt/gz_math_vendor:/opt/ros/jazzy/opt/gz_utils_vendor:/opt/ros/jazzy/opt/gz_tools_vendor:/opt/ros/jazzy/opt/gz_ogre_next_vendor:/opt/ros/jazzy/opt/gz_dartsim_vendor:/opt/ros/jazzy/opt/gz_cmake_vendor:/opt/ros/jazzy DEBUGINFOD_URLS=https://debuginfod.ubuntu.com LD_LIBRARY_PATH=/home/wasim/r4s/install/robif2b/lib:/home/wasim/r4s/install/orocos_kdl/lib:/home/wasim/r4s/install/coord2b/lib:${LD_LIBRARY_PATH} PKG_CONFIG_PATH=/home/wasim/r4s/install/orocos_kdl/lib/x86_64-linux-gnu/pkgconfig:/home/wasim/r4s/install/orocos_kdl/lib/pkgconfig /usr/bin/cmake --build /home/wasim/r4s/build/eddie_ros -- -j16 -l16
[0.074s] [  1%] Built target eddie_ros__rosidl_generator_type_description
[0.086s] [  1%] Built target ament_cmake_python_copy_eddie_ros
[0.100s] [  3%] Built target eddie_ros__cpp
[0.100s] [ 16%] Built target eddie_ros__rosidl_generator_c
[0.134s] [ 36%] Built target eddie_ros__rosidl_typesupport_fastrtps_c
[0.135s] [ 36%] Built target eddie_ros__rosidl_typesupport_introspection_c
[0.135s] [ 36%] Built target eddie_ros__rosidl_typesupport_c
[0.135s] [ 43%] Built target eddie_ros__rosidl_typesupport_introspection_cpp
[0.137s] [ 50%] Built target eddie_ros__rosidl_typesupport_cpp
[0.137s] [ 56%] Built target eddie_ros__rosidl_typesupport_fastrtps_cpp
[0.171s] [ 58%] [32mBuilding CXX object CMakeFiles/eddie_ros_interface_dummy.dir/src/interface-parameters.cpp.o[0m
[0.172s] [ 60%] [32mBuilding CXX object CMakeFiles/eddie_ros_interface_dummy.dir/src/interface_dummy.cpp.o[0m
[0.178s] [ 63%] Built target mock_servers_only
[0.179s] [ 65%] [32mBuilding CXX object CMakeFiles/eddie_ros_interface.dir/src/interface.cpp.o[0m
[0.179s] [ 68%] Built target pick_place_fsm_mock
[0.179s] [ 73%] Built target task_planner_node
[0.180s] [ 78%] Built target eddie_ros_interface_test
[0.209s] [ 78%] Built target eddie_ros
[0.240s] [ 80%] Built target eddie_ros__py
[0.272s] [ 85%] Built target eddie_ros__rosidl_generator_py
[0.304s] [ 95%] Built target eddie_ros_s__rosidl_typesupport_introspection_c
[0.304s] [ 95%] Built target eddie_ros_s__rosidl_typesupport_fastrtps_c
[0.304s] [ 95%] Built target eddie_ros_s__rosidl_typesupport_c
[0.395s] running egg_info
[0.426s] writing eddie_ros.egg-info/PKG-INFO
[0.426s] writing dependency_links to eddie_ros.egg-info/dependency_links.txt
[0.427s] writing top-level names to eddie_ros.egg-info/top_level.txt
[0.519s] reading manifest file 'eddie_ros.egg-info/SOURCES.txt'
[0.520s] writing manifest file 'eddie_ros.egg-info/SOURCES.txt'
[0.551s] [ 95%] Built target ament_cmake_python_build_eddie_ros_egg
[0.678s] In file included from [01m[K/home/wasim/r4s/src/eddie-ros/src/interface-parameters.cpp:7[m[K:
[0.678s] [01m[K/home/wasim/r4s/src/eddie-ros/include/eddie_ros/interface.hpp:40:10:[m[K [01;31m[Kfatal error: [m[Krobif2b/functions/ethercat.h: No such file or directory
[0.678s]    40 | #include [01;31m[K"robif2b/functions/ethercat.h"[m[K
[0.679s]       |          [01;31m[K^~~~~~~~~~~~~~~~~~~~~~~~~~~~~~[m[K
[0.679s] compilation terminated.
[0.682s] In file included from [01m[K/home/wasim/r4s/src/eddie-ros/src/interface_dummy.cpp:7[m[K:
[0.682s] [01m[K/home/wasim/r4s/src/eddie-ros/include/eddie_ros/interface.hpp:40:10:[m[K [01;31m[Kfatal error: [m[Krobif2b/functions/ethercat.h: No such file or directory
[0.682s]    40 | #include [01;31m[K"robif2b/functions/ethercat.h"[m[K
[0.682s]       |          [01;31m[K^~~~~~~~~~~~~~~~~~~~~~~~~~~~~~[m[K
[0.682s] compilation terminated.
[0.692s] gmake[2]: *** [CMakeFiles/eddie_ros_interface_dummy.dir/build.make:90: CMakeFiles/eddie_ros_interface_dummy.dir/src/interface-parameters.cpp.o] Error 1
[0.692s] gmake[2]: *** Waiting for unfinished jobs....
[0.692s] gmake[2]: *** [CMakeFiles/eddie_ros_interface_dummy.dir/build.make:76: CMakeFiles/eddie_ros_interface_dummy.dir/src/interface_dummy.cpp.o] Error 1
[0.692s] gmake[1]: *** [CMakeFiles/Makefile2:775: CMakeFiles/eddie_ros_interface_dummy.dir/all] Error 2
[0.693s] gmake[1]: *** Waiting for unfinished jobs....
[4.079s] [01m[K/home/wasim/r4s/src/eddie-ros/src/interface.cpp:[m[K In function â€˜[01m[Kvoid[01;32m[K sigint_handler[m[K(int)[m[Kâ€™:
[4.079s] [01m[K/home/wasim/r4s/src/eddie-ros/src/interface.cpp:27:25:[m[K [01;35m[Kwarning: [m[Kunused parameter â€˜[01m[Ksignum[m[Kâ€™ [[01;35m[K]8;;https://gcc.gnu.org/onlinedocs/gcc/Warning-Options.html#index-Wunused-parameter-Wunused-parameter]8;;[m[K]
[4.079s]    27 | void sigint_handler([01;35m[Kint signum[m[K) { keep_running = 0; }
[4.079s]       |                     [01;35m[K~~~~^~~~~~[m[K
[4.148s] [01m[K/home/wasim/r4s/src/eddie-ros/src/interface.cpp:[m[K In member function â€˜[01m[Kvoid EddieRosInterface::[01;32m[Kcompile[m[K(events*, const EddieState*)[m[Kâ€™:
[4.148s] [01m[K/home/wasim/r4s/src/eddie-ros/src/interface.cpp:953:70:[m[K [01;35m[Kwarning: [m[Kunused parameter â€˜[01m[Keddie_state[m[Kâ€™ [[01;35m[K]8;;https://gcc.gnu.org/onlinedocs/gcc/Warning-Options.html#index-Wunused-parameter-Wunused-parameter]8;;[m[K]
[4.148s]   953 | void EddieRosInterface::compile(events *eventData, [01;35m[Kconst EddieState *eddie_state[m[K) {
[4.148s]       |                                                    [01;35m[K~~~~~~~~~~~~~~~~~~^~~~~~~~~~~[m[K
[4.152s] [01m[K/home/wasim/r4s/src/eddie-ros/src/interface.cpp:[m[K In member function â€˜[01m[Kvoid EddieRosInterface::[01;32m[Kcompute_gravity_comp[m[K(events*, EddieState*)[m[Kâ€™:
[4.152s] [01m[K/home/wasim/r4s/src/eddie-ros/src/interface.cpp:958:54:[m[K [01;35m[Kwarning: [m[Kunused parameter â€˜[01m[KeventData[m[Kâ€™ [[01;35m[K]8;;https://gcc.gnu.org/onlinedocs/gcc/Warning-Options.html#index-Wunused-parameter-Wunused-parameter]8;;[m[K]
[4.152s]   958 | void EddieRosInterface::compute_gravity_comp([01;35m[Kevents *eventData[m[K, EddieState *eddie_state) {
[4.152s]       |                                              [01;35m[K~~~~~~~~^~~~~~~~~[m[K
[4.155s] [01m[K/home/wasim/r4s/src/eddie-ros/src/interface.cpp:[m[K In member function â€˜[01m[Kvoid EddieRosInterface::[01;32m[Kcompute_cartesian_ctrl[m[K(events*, EddieState*)[m[Kâ€™:
[4.155s] [01m[K/home/wasim/r4s/src/eddie-ros/src/interface.cpp:1013:56:[m[K [01;35m[Kwarning: [m[Kunused parameter â€˜[01m[KeventData[m[Kâ€™ [[01;35m[K]8;;https://gcc.gnu.org/onlinedocs/gcc/Warning-Options.html#index-Wunused-parameter-Wunused-parameter]8;;[m[K]
[4.155s]  1013 | void EddieRosInterface::compute_cartesian_ctrl([01;35m[Kevents *eventData[m[K, EddieState *eddie_state) {
[4.155s]       |                                                [01;35m[K~~~~~~~~^~~~~~~~~[m[K
[6.751s] [ 96%] [32m[1mLinking CXX executable eddie_ros_interface[0m
[7.033s] [ 98%] Built target eddie_ros_interface
[7.034s] gmake: *** [Makefile:146: all] Error 2
[7.037s] Invoked command in '/home/wasim/r4s/build/eddie_ros' returned '2': CMAKE_MODULE_PATH=/home/wasim/r4s/install/orocos_kdl/share/orocos_kdl/cmake CMAKE_PREFIX_PATH=/home/wasim/r4s/install/robif2b:/home/wasim/r4s/install/orocos_kdl:/home/wasim/r4s/install/coord2b:/opt/ros/jazzy/opt/gz_sim_vendor:/opt/ros/jazzy/opt/gz_sensors_vendor:/opt/ros/jazzy/opt/gz_physics_vendor:/opt/ros/jazzy/opt/sdformat_vendor:/opt/ros/jazzy/opt/gz_gui_vendor:/opt/ros/jazzy/opt/gz_transport_vendor:/opt/ros/jazzy/opt/gz_rendering_vendor:/opt/ros/jazzy/opt/gz_plugin_vendor:/opt/ros/jazzy/opt/gz_fuel_tools_vendor:/opt/ros/jazzy/opt/gz_msgs_vendor:/opt/ros/jazzy/opt/gz_common_vendor:/opt/ros/jazzy/opt/gz_math_vendor:/opt/ros/jazzy/opt/gz_utils_vendor:/opt/ros/jazzy/opt/gz_tools_vendor:/opt/ros/jazzy/opt/gz_ogre_next_vendor:/opt/ros/jazzy/opt/gz_dartsim_vendor:/opt/ros/jazzy/opt/gz_cmake_vendor:/opt/ros/jazzy DEBUGINFOD_URLS=https://debuginfod.ubuntu.com LD_LIBRARY_PATH=/home/wasim/r4s/install/robif2b/lib:/home/wasim/r4s/install/orocos_kdl/lib:/home/wasim/r4s/install/coord2b/lib:${LD_LIBRARY_PATH} PKG_CONFIG_PATH=/home/wasim/r4s/install/orocos_kdl/lib/x86_64-linux-gnu/pkgconfig:/home/wasim/r4s/install/orocos_kdl/lib/pkgconfig /usr/bin/cmake --build /home/wasim/r4s/build/eddie_ros -- -j16 -l16
