[0.015s] Invoking command in '/home/wasim/r4s/build/eddie_ros': CMAKE_MODULE_PATH=/home/wasim/r4s/install/orocos_kdl/share/orocos_kdl/cmake CMAKE_PREFIX_PATH=/home/wasim/r4s/install/robif2b:/home/wasim/r4s/install/orocos_kdl:/home/wasim/r4s/install/coord2b:/opt/ros/jazzy/opt/gz_sim_vendor:/opt/ros/jazzy/opt/gz_sensors_vendor:/opt/ros/jazzy/opt/gz_physics_vendor:/opt/ros/jazzy/opt/sdformat_vendor:/opt/ros/jazzy/opt/gz_gui_vendor:/opt/ros/jazzy/opt/gz_transport_vendor:/opt/ros/jazzy/opt/gz_rendering_vendor:/opt/ros/jazzy/opt/gz_plugin_vendor:/opt/ros/jazzy/opt/gz_fuel_tools_vendor:/opt/ros/jazzy/opt/gz_msgs_vendor:/opt/ros/jazzy/opt/gz_common_vendor:/opt/ros/jazzy/opt/gz_math_vendor:/opt/ros/jazzy/opt/gz_utils_vendor:/opt/ros/jazzy/opt/gz_tools_vendor:/opt/ros/jazzy/opt/gz_ogre_next_vendor:/opt/ros/jazzy/opt/gz_dartsim_vendor:/opt/ros/jazzy/opt/gz_cmake_vendor:/opt/ros/jazzy DEBUGINFOD_URLS=https://debuginfod.ubuntu.com LD_LIBRARY_PATH=/home/wasim/r4s/install/robif2b/lib:/home/wasim/r4s/install/orocos_kdl/lib:/home/wasim/r4s/install/coord2b/lib:${LD_LIBRARY_PATH} PKG_CONFIG_PATH=/home/wasim/r4s/install/orocos_kdl/lib/x86_64-linux-gnu/pkgconfig:/home/wasim/r4s/install/orocos_kdl/lib/pkgconfig /usr/bin/cmake --build /home/wasim/r4s/build/eddie_ros -- -j16 -l16
[0.058s] -- Found ament_cmake: 2.5.4 (/opt/ros/jazzy/share/ament_cmake/cmake)
[0.091s] -- Found Python3: /usr/bin/python3 (found version "3.12.3") found components: Interpreter 
[0.188s] -- Found rclcpp: 28.1.9 (/opt/ros/jazzy/share/rclcpp/cmake)
[0.225s] -- Found rosidl_generator_c: 4.6.5 (/opt/ros/jazzy/share/rosidl_generator_c/cmake)
[0.236s] -- Found rosidl_generator_cpp: 4.6.5 (/opt/ros/jazzy/share/rosidl_generator_cpp/cmake)
[0.250s] -- Using all available rosidl_typesupport_c: rosidl_typesupport_fastrtps_c;rosidl_typesupport_introspection_c
[0.266s] -- Using all available rosidl_typesupport_cpp: rosidl_typesupport_fastrtps_cpp;rosidl_typesupport_introspection_cpp
[0.338s] -- Found rmw_implementation_cmake: 7.3.2 (/opt/ros/jazzy/share/rmw_implementation_cmake/cmake)
[0.340s] -- Found rmw_fastrtps_cpp: 8.4.2 (/opt/ros/jazzy/share/rmw_fastrtps_cpp/cmake)
[0.414s] -- Using RMW implementation 'rmw_fastrtps_cpp' as default
[0.489s] -- Found rclcpp_action: 28.1.9 (/opt/ros/jazzy/share/rclcpp_action/cmake)
[0.535s] -- Found rclcpp_components: 28.1.9 (/opt/ros/jazzy/share/rclcpp_components/cmake)
[0.567s] -- Found geometry_msgs: 5.3.6 (/opt/ros/jazzy/share/geometry_msgs/cmake)
[0.606s] -- Found kdl_parser: 2.11.0 (/opt/ros/jazzy/share/kdl_parser/cmake)
[0.608s] -- Found eigen3_cmake_module: 0.3.0 (/opt/ros/jazzy/share/eigen3_cmake_module/cmake)
[0.610s] -- Ensuring Eigen3 include directory is part of orocos-kdl CMake target
[0.612s] -- Found rosidl_default_generators: 1.6.0 (/opt/ros/jazzy/share/rosidl_default_generators/cmake)
[0.622s] -- Found rosidl_adapter: 4.6.5 (/opt/ros/jazzy/share/rosidl_adapter/cmake)
[0.922s] -- Found ament_cmake_ros: 0.12.0 (/opt/ros/jazzy/share/ament_cmake_ros/cmake)
[1.220s] -- Using all available rosidl_typesupport_c: rosidl_typesupport_fastrtps_c;rosidl_typesupport_introspection_c
[1.338s] -- Using all available rosidl_typesupport_cpp: rosidl_typesupport_fastrtps_cpp;rosidl_typesupport_introspection_cpp
[1.340s] -- Found python_cmake_module: 0.11.1 (/opt/ros/jazzy/share/python_cmake_module/cmake)
[1.600s] -- Found Python3: /usr/bin/python3 (found version "3.12.3") found components: Interpreter Development NumPy Development.Module Development.Embed 
[1.654s] -- Configuring done (1.6s)
[1.732s] -- Generating done (0.1s)
[1.753s] -- Build files have been written to: /home/wasim/r4s/build/eddie_ros
[1.802s] [  1%] Built target eddie_ros__rosidl_generator_type_description
[1.815s] [  1%] Built target ament_cmake_python_copy_eddie_ros
[1.829s] [  3%] Built target eddie_ros__cpp
[1.835s] [ 16%] Built target eddie_ros__rosidl_generator_c
[1.870s] [ 30%] Built target eddie_ros__rosidl_typesupport_c
[1.870s] [ 30%] Built target eddie_ros__rosidl_typesupport_introspection_c
[1.871s] [ 43%] Built target eddie_ros__rosidl_typesupport_cpp
[1.871s] [ 43%] Built target eddie_ros__rosidl_typesupport_fastrtps_c
[1.872s] [ 50%] Built target eddie_ros__rosidl_typesupport_introspection_cpp
[1.872s] [ 56%] Built target eddie_ros__rosidl_typesupport_fastrtps_cpp
[1.907s] [ 60%] [32mBuilding CXX object CMakeFiles/eddie_ros_interface_dummy.dir/src/interface-parameters.cpp.o[0m
[1.908s] [ 60%] [32mBuilding CXX object CMakeFiles/eddie_ros_interface_dummy.dir/src/interface_dummy.cpp.o[0m
[1.922s] [ 63%] [32mBuilding CXX object CMakeFiles/mock_servers_only.dir/src/mock_servers_only.cpp.o[0m
[1.922s] [ 63%] [32mBuilding CXX object CMakeFiles/pick_place_fsm_mock.dir/src/pick_place_fsm_mock.cpp.o[0m
[1.931s] [ 68%] Built target task_planner_node
[1.938s] [ 73%] Built target eddie_ros_interface_test
[1.938s] [ 75%] [32mBuilding CXX object CMakeFiles/eddie_ros_interface.dir/src/interface.cpp.o[0m
[1.969s] [ 75%] Built target eddie_ros
[2.008s] [ 76%] Built target eddie_ros__py
[2.060s] [ 81%] Built target eddie_ros__rosidl_generator_py
[2.109s] [ 85%] Built target eddie_ros_s__rosidl_typesupport_fastrtps_c
[2.110s] [ 88%] Built target eddie_ros_s__rosidl_typesupport_introspection_c
[2.116s] [ 91%] Built target eddie_ros_s__rosidl_typesupport_c
[2.210s] running egg_info
[2.254s] writing eddie_ros.egg-info/PKG-INFO
[2.254s] writing dependency_links to eddie_ros.egg-info/dependency_links.txt
[2.254s] writing top-level names to eddie_ros.egg-info/top_level.txt
[2.382s] reading manifest file 'eddie_ros.egg-info/SOURCES.txt'
[2.382s] writing manifest file 'eddie_ros.egg-info/SOURCES.txt'
[2.425s] [ 91%] Built target ament_cmake_python_build_eddie_ros_egg
[2.650s] In file included from [01m[K/home/wasim/r4s/src/eddie-ros/src/interface-parameters.cpp:7[m[K:
[2.650s] [01m[K/home/wasim/r4s/src/eddie-ros/include/eddie_ros/interface.hpp:40:10:[m[K [01;31m[Kfatal error: [m[Krobif2b/functions/ethercat.h: No such file or directory
[2.650s]    40 | #include [01;31m[K"robif2b/functions/ethercat.h"[m[K
[2.650s]       |          [01;31m[K^~~~~~~~~~~~~~~~~~~~~~~~~~~~~~[m[K
[2.650s] compilation terminated.
[2.650s] In file included from [01m[K/home/wasim/r4s/src/eddie-ros/src/interface_dummy.cpp:11[m[K:
[2.650s] [01m[K/home/wasim/r4s/src/eddie-ros/include/eddie_ros/interface.hpp:40:10:[m[K [01;31m[Kfatal error: [m[Krobif2b/functions/ethercat.h: No such file or directory
[2.650s]    40 | #include [01;31m[K"robif2b/functions/ethercat.h"[m[K
[2.650s]       |          [01;31m[K^~~~~~~~~~~~~~~~~~~~~~~~~~~~~~[m[K
[2.651s] compilation terminated.
[2.660s] gmake[2]: *** [CMakeFiles/eddie_ros_interface_dummy.dir/build.make:90: CMakeFiles/eddie_ros_interface_dummy.dir/src/interface-parameters.cpp.o] Error 1
[2.660s] gmake[2]: *** Waiting for unfinished jobs....
[2.660s] gmake[2]: *** [CMakeFiles/eddie_ros_interface_dummy.dir/build.make:76: CMakeFiles/eddie_ros_interface_dummy.dir/src/interface_dummy.cpp.o] Error 1
[2.660s] gmake[1]: *** [CMakeFiles/Makefile2:775: CMakeFiles/eddie_ros_interface_dummy.dir/all] Error 2
[2.660s] gmake[1]: *** Waiting for unfinished jobs....
[6.554s] [01m[K/home/wasim/r4s/src/eddie-ros/src/interface.cpp:[m[K In function â€˜[01m[Kvoid[01;32m[K sigint_handler[m[K(int)[m[Kâ€™:
[6.555s] [01m[K/home/wasim/r4s/src/eddie-ros/src/interface.cpp:27:25:[m[K [01;35m[Kwarning: [m[Kunused parameter â€˜[01m[Ksignum[m[Kâ€™ [[01;35m[K]8;;https://gcc.gnu.org/onlinedocs/gcc/Warning-Options.html#index-Wunused-parameter-Wunused-parameter]8;;[m[K]
[6.555s]    27 | void sigint_handler([01;35m[Kint signum[m[K) { keep_running = 0; }
[6.555s]       |                     [01;35m[K~~~~^~~~~~[m[K
[6.618s] [01m[K/home/wasim/r4s/src/eddie-ros/src/interface.cpp:[m[K In member function â€˜[01m[Kvoid EddieRosInterface::[01;32m[Kcompile[m[K(events*, const EddieState*)[m[Kâ€™:
[6.618s] [01m[K/home/wasim/r4s/src/eddie-ros/src/interface.cpp:953:70:[m[K [01;35m[Kwarning: [m[Kunused parameter â€˜[01m[Keddie_state[m[Kâ€™ [[01;35m[K]8;;https://gcc.gnu.org/onlinedocs/gcc/Warning-Options.html#index-Wunused-parameter-Wunused-parameter]8;;[m[K]
[6.619s]   953 | void EddieRosInterface::compile(events *eventData, [01;35m[Kconst EddieState *eddie_state[m[K) {
[6.619s]       |                                                    [01;35m[K~~~~~~~~~~~~~~~~~~^~~~~~~~~~~[m[K
[6.622s] [01m[K/home/wasim/r4s/src/eddie-ros/src/interface.cpp:[m[K In member function â€˜[01m[Kvoid EddieRosInterface::[01;32m[Kcompute_gravity_comp[m[K(events*, EddieState*)[m[Kâ€™:
[6.622s] [01m[K/home/wasim/r4s/src/eddie-ros/src/interface.cpp:958:54:[m[K [01;35m[Kwarning: [m[Kunused parameter â€˜[01m[KeventData[m[Kâ€™ [[01;35m[K]8;;https://gcc.gnu.org/onlinedocs/gcc/Warning-Options.html#index-Wunused-parameter-Wunused-parameter]8;;[m[K]
[6.622s]   958 | void EddieRosInterface::compute_gravity_comp([01;35m[Kevents *eventData[m[K, EddieState *eddie_state) {
[6.622s]       |                                              [01;35m[K~~~~~~~~^~~~~~~~~[m[K
[6.626s] [01m[K/home/wasim/r4s/src/eddie-ros/src/interface.cpp:[m[K In member function â€˜[01m[Kvoid EddieRosInterface::[01;32m[Kcompute_cartesian_ctrl[m[K(events*, EddieState*)[m[Kâ€™:
[6.626s] [01m[K/home/wasim/r4s/src/eddie-ros/src/interface.cpp:1013:56:[m[K [01;35m[Kwarning: [m[Kunused parameter â€˜[01m[KeventData[m[Kâ€™ [[01;35m[K]8;;https://gcc.gnu.org/onlinedocs/gcc/Warning-Options.html#index-Wunused-parameter-Wunused-parameter]8;;[m[K]
[6.626s]  1013 | void EddieRosInterface::compute_cartesian_ctrl([01;35m[Kevents *eventData[m[K, EddieState *eddie_state) {
[6.626s]       |                                                [01;35m[K~~~~~~~~^~~~~~~~~[m[K
[8.362s] [ 93%] [32m[1mLinking CXX executable mock_servers_only[0m
[8.614s] [ 93%] Built target mock_servers_only
[9.878s] [ 95%] [32m[1mLinking CXX executable eddie_ros_interface[0m
[10.259s] [ 96%] Built target eddie_ros_interface
[12.911s] [ 98%] [32m[1mLinking CXX executable pick_place_fsm_mock[0m
[13.236s] [ 98%] Built target pick_place_fsm_mock
[13.238s] gmake: *** [Makefile:146: all] Error 2
[13.240s] Invoked command in '/home/wasim/r4s/build/eddie_ros' returned '2': CMAKE_MODULE_PATH=/home/wasim/r4s/install/orocos_kdl/share/orocos_kdl/cmake CMAKE_PREFIX_PATH=/home/wasim/r4s/install/robif2b:/home/wasim/r4s/install/orocos_kdl:/home/wasim/r4s/install/coord2b:/opt/ros/jazzy/opt/gz_sim_vendor:/opt/ros/jazzy/opt/gz_sensors_vendor:/opt/ros/jazzy/opt/gz_physics_vendor:/opt/ros/jazzy/opt/sdformat_vendor:/opt/ros/jazzy/opt/gz_gui_vendor:/opt/ros/jazzy/opt/gz_transport_vendor:/opt/ros/jazzy/opt/gz_rendering_vendor:/opt/ros/jazzy/opt/gz_plugin_vendor:/opt/ros/jazzy/opt/gz_fuel_tools_vendor:/opt/ros/jazzy/opt/gz_msgs_vendor:/opt/ros/jazzy/opt/gz_common_vendor:/opt/ros/jazzy/opt/gz_math_vendor:/opt/ros/jazzy/opt/gz_utils_vendor:/opt/ros/jazzy/opt/gz_tools_vendor:/opt/ros/jazzy/opt/gz_ogre_next_vendor:/opt/ros/jazzy/opt/gz_dartsim_vendor:/opt/ros/jazzy/opt/gz_cmake_vendor:/opt/ros/jazzy DEBUGINFOD_URLS=https://debuginfod.ubuntu.com LD_LIBRARY_PATH=/home/wasim/r4s/install/robif2b/lib:/home/wasim/r4s/install/orocos_kdl/lib:/home/wasim/r4s/install/coord2b/lib:${LD_LIBRARY_PATH} PKG_CONFIG_PATH=/home/wasim/r4s/install/orocos_kdl/lib/x86_64-linux-gnu/pkgconfig:/home/wasim/r4s/install/orocos_kdl/lib/pkgconfig /usr/bin/cmake --build /home/wasim/r4s/build/eddie_ros -- -j16 -l16
