[0.018s] Invoking command in '/home/wasim/r4s/build/eddie_ros': CMAKE_PREFIX_PATH=/home/wasim/r4s/install/robif2b:/home/wasim/r4s/install/orocos_kdl:/home/wasim/r4s/install/coord2b:/home/wasim/r4s/install/eddie_ros:/home/wasim/r4s/install/eddie-ros:/home/wasim/r4s/install/kinova_vision:/opt/ros/jazzy/opt/gz_sim_vendor:/opt/ros/jazzy/opt/gz_sensors_vendor:/opt/ros/jazzy/opt/gz_physics_vendor:/opt/ros/jazzy/opt/sdformat_vendor:/opt/ros/jazzy/opt/gz_gui_vendor:/opt/ros/jazzy/opt/gz_transport_vendor:/opt/ros/jazzy/opt/gz_rendering_vendor:/opt/ros/jazzy/opt/gz_plugin_vendor:/opt/ros/jazzy/opt/gz_fuel_tools_vendor:/opt/ros/jazzy/opt/gz_msgs_vendor:/opt/ros/jazzy/opt/gz_common_vendor:/opt/ros/jazzy/opt/gz_math_vendor:/opt/ros/jazzy/opt/gz_utils_vendor:/opt/ros/jazzy/opt/gz_tools_vendor:/opt/ros/jazzy/opt/gz_ogre_next_vendor:/opt/ros/jazzy/opt/gz_dartsim_vendor:/opt/ros/jazzy/opt/gz_cmake_vendor:/opt/ros/jazzy DEBUGINFOD_URLS=https://debuginfod.ubuntu.com LD_LIBRARY_PATH=/home/wasim/r4s/install/robif2b/lib:/home/wasim/r4s/install/orocos_kdl/lib:/home/wasim/r4s/install/coord2b/lib:/home/wasim/r4s/install/eddie_ros/lib:/home/wasim/r4s/install/kinova_vision/lib:/opt/ros/jazzy/opt/gz_sim_vendor/lib:/opt/ros/jazzy/opt/gz_sensors_vendor/lib:/opt/ros/jazzy/opt/gz_physics_vendor/lib:/opt/ros/jazzy/opt/sdformat_vendor/lib:/opt/ros/jazzy/opt/rviz_ogre_vendor/lib:/opt/ros/jazzy/lib/x86_64-linux-gnu:/opt/ros/jazzy/opt/gz_gui_vendor/lib:/opt/ros/jazzy/opt/gz_transport_vendor/lib:/opt/ros/jazzy/opt/gz_rendering_vendor/lib:/opt/ros/jazzy/opt/gz_plugin_vendor/lib:/opt/ros/jazzy/opt/gz_fuel_tools_vendor/lib:/opt/ros/jazzy/opt/gz_msgs_vendor/lib:/opt/ros/jazzy/opt/gz_common_vendor/lib:/opt/ros/jazzy/opt/gz_math_vendor/lib:/opt/ros/jazzy/opt/gz_utils_vendor/lib:/opt/ros/jazzy/opt/gz_tools_vendor/lib:/opt/ros/jazzy/opt/gz_ogre_next_vendor/lib:/opt/ros/jazzy/opt/gz_dartsim_vendor/lib:/opt/ros/jazzy/opt/gz_cmake_vendor/lib:/opt/ros/jazzy/lib PKG_CONFIG_PATH=/home/wasim/r4s/install/orocos_kdl/lib/x86_64-linux-gnu/pkgconfig:/home/wasim/r4s/install/orocos_kdl/lib/pkgconfig:/home/wasim/r4s/install/python_orocos_kdl/lib/x86_64-linux-gnu/pkgconfig:/home/wasim/r4s/install/python_orocos_kdl/lib/pkgconfig /usr/bin/cmake --build /home/wasim/r4s/build/eddie_ros -- -j16 -l16
[0.093s] [  1%] Built target eddie_ros__rosidl_generator_type_description
[0.107s] [  1%] Built target ament_cmake_python_copy_eddie_ros
[0.123s] [  3%] Built target eddie_ros__cpp
[0.124s] [ 17%] Built target eddie_ros__rosidl_generator_c
[0.162s] [ 52%] Built target eddie_ros__rosidl_typesupport_cpp
[0.162s] [ 52%] Built target eddie_ros__rosidl_typesupport_introspection_cpp
[0.163s] [ 52%] Built target eddie_ros__rosidl_typesupport_introspection_c
[0.163s] [ 52%] Built target eddie_ros__rosidl_typesupport_c
[0.163s] [ 52%] Built target eddie_ros__rosidl_typesupport_fastrtps_c
[0.163s] [ 59%] Built target eddie_ros__rosidl_typesupport_fastrtps_cpp
[0.210s] [ 63%] Built target mock_servers_only
[0.212s] [ 73%] Built target task_planner_node
[0.212s] [ 73%] Built target eddie_ros_interface
[0.212s] [ 78%] Built target eddie_ros_interface_test
[0.216s] [ 80%] [32mBuilding CXX object CMakeFiles/pick_place_fsm_mock.dir/src/pick_place_fsm_mock.cpp.o[0m
[0.245s] [ 80%] Built target eddie_ros
[0.278s] [ 82%] Built target eddie_ros__py
[0.313s] [ 87%] Built target eddie_ros__rosidl_generator_py
[0.346s] [ 98%] Built target eddie_ros_s__rosidl_typesupport_introspection_c
[0.347s] [ 98%] Built target eddie_ros_s__rosidl_typesupport_fastrtps_c
[0.347s] [ 98%] Built target eddie_ros_s__rosidl_typesupport_c
[0.445s] running egg_info
[0.476s] writing eddie_ros.egg-info/PKG-INFO
[0.476s] writing dependency_links to eddie_ros.egg-info/dependency_links.txt
[0.476s] writing top-level names to eddie_ros.egg-info/top_level.txt
[0.565s] reading manifest file 'eddie_ros.egg-info/SOURCES.txt'
[0.566s] writing manifest file 'eddie_ros.egg-info/SOURCES.txt'
[0.600s] [ 98%] Built target ament_cmake_python_build_eddie_ros_egg
[2.979s] [01m[K/home/wasim/r4s/src/eddie-ros/src/pick_place_fsm_mock.cpp:202:4:[m[K [01;31m[Kerror: [m[Kexpected â€˜[01m[K;[m[Kâ€™ after class definition
[2.979s]   202 |   }
[2.980s]       |    [01;31m[K^[m[K
[2.980s]       |    [32m[K;[m[K
[2.980s] [01m[K/home/wasim/r4s/src/eddie-ros/src/pick_place_fsm_mock.cpp:[m[K In constructor â€˜[01m[KPickPlaceFSM::[01;32m[KPickPlaceFSM[m[K(const rclcpp::NodeOptions&)[m[Kâ€™:
[2.980s] [01m[K/home/wasim/r4s/src/eddie-ros/src/pick_place_fsm_mock.cpp:39:34:[m[K [01;31m[Kerror: [m[Kclass â€˜[01m[KPickPlaceFSM[m[Kâ€™ does not have any field named â€˜[01m[Kstate_[m[Kâ€™
[2.980s]    39 |   : Node("pick_place_fsm", opt), [01;31m[Kstate_[m[K(State::IDLE)
[2.980s]       |                                  [01;31m[K^~~~~~[m[K
[2.987s] [01m[K/home/wasim/r4s/src/eddie-ros/src/pick_place_fsm_mock.cpp:42:5:[m[K [01;31m[Kerror: [m[Kâ€˜[01m[Karm_client_[m[Kâ€™ was not declared in this scope; did you mean â€˜[01m[Krmw_client_t[m[Kâ€™?
[2.987s]    42 |     [01;31m[Karm_client_[m[K     = rclcpp_action::create_client<ArmControl>(this, "right_arm/arm_control");
[2.988s]       |     [01;31m[K^~~~~~~~~~~[m[K
[2.988s]       |     [32m[Krmw_client_t[m[K
[3.002s] [01m[K/home/wasim/r4s/src/eddie-ros/src/pick_place_fsm_mock.cpp:43:5:[m[K [01;31m[Kerror: [m[Kâ€˜[01m[Kgripper_client_[m[Kâ€™ was not declared in this scope
[3.002s]    43 |     [01;31m[Kgripper_client_[m[K = rclcpp_action::create_client<GripperControl>(this, "right_arm/gripper_control");
[3.002s]       |     [01;31m[K^~~~~~~~~~~~~~~[m[K
[3.064s] [01m[K/home/wasim/r4s/src/eddie-ros/src/pick_place_fsm_mock.cpp:46:5:[m[K [01;31m[Kerror: [m[Kâ€˜[01m[Kperception_sub_[m[Kâ€™ was not declared in this scope
[3.064s]    46 |     [01;31m[Kperception_sub_[m[K = create_subscription<geometry_msgs::msg::PoseStamped>(
[3.064s]       |     [01;31m[K^~~~~~~~~~~~~~~[m[K
[3.098s] [01m[K/home/wasim/r4s/src/eddie-ros/src/pick_place_fsm_mock.cpp:51:5:[m[K [01;31m[Kerror: [m[Kâ€˜[01m[Ktimer_[m[Kâ€™ was not declared in this scope; did you mean â€˜[01m[Ktimer_t[m[Kâ€™?
[3.099s]    51 |     [01;31m[Ktimer_[m[K = create_wall_timer(std::chrono::milliseconds(100),
[3.099s]       |     [01;31m[K^~~~~~[m[K
[3.099s]       |     [32m[Ktimer_t[m[K
[3.113s] [01m[K/home/wasim/r4s/src/eddie-ros/src/pick_place_fsm_mock.cpp:54:5:[m[K [01;31m[Kerror: [m[Kâ€˜[01m[Kplace_pose_[m[Kâ€™ was not declared in this scope
[3.113s]    54 |     [01;31m[Kplace_pose_[m[K.position.x    = 0.60;
[3.113s]       |     [01;31m[K^~~~~~~~~~~[m[K
[3.119s] [01m[K/home/wasim/r4s/src/eddie-ros/src/pick_place_fsm_mock.cpp:[m[K In member function â€˜[01m[Kvoid PickPlaceFSM::[01;32m[Ktick[m[K()[m[Kâ€™:
[3.119s] [01m[K/home/wasim/r4s/src/eddie-ros/src/pick_place_fsm_mock.cpp:69:13:[m[K [01;31m[Kerror: [m[Kâ€˜[01m[Kstate_[m[Kâ€™ was not declared in this scope; did you mean â€˜[01m[KState[m[Kâ€™?
[3.119s]    69 |     switch ([01;31m[Kstate_[m[K)
[3.120s]       |             [01;31m[K^~~~~~[m[K
[3.120s]       |             [32m[KState[m[K
[3.127s] [01m[K/home/wasim/r4s/src/eddie-ros/src/pick_place_fsm_mock.cpp:88:9:[m[K [01;31m[Kerror: [m[Kâ€˜[01m[Ksend_place_goal[m[Kâ€™ was not declared in this scope; did you mean â€˜[01m[Ksend_grasp_goal[m[Kâ€™?
[3.127s]    88 |         [01;31m[Ksend_place_goal[m[K();
[3.127s]       |         [01;31m[K^~~~~~~~~~~~~~~[m[K
[3.127s]       |         [32m[Ksend_grasp_goal[m[K
[3.138s] [01m[K/home/wasim/r4s/src/eddie-ros/src/pick_place_fsm_mock.cpp:92:9:[m[K [01;31m[Kerror: [m[Kâ€˜[01m[Ksend_open_gripper_goal[m[Kâ€™ was not declared in this scope
[3.139s]    92 |         [01;31m[Ksend_open_gripper_goal[m[K();
[3.139s]       |         [01;31m[K^~~~~~~~~~~~~~~~~~~~~~[m[K
[3.148s] [01m[K/home/wasim/r4s/src/eddie-ros/src/pick_place_fsm_mock.cpp:[m[K In member function â€˜[01m[Kvoid PickPlaceFSM::[01;32m[Kon_perception[m[K(geometry_msgs::msg::PoseStamped_<std::allocator<void> >::SharedPtr)[m[Kâ€™:
[3.148s] [01m[K/home/wasim/r4s/src/eddie-ros/src/pick_place_fsm_mock.cpp:113:9:[m[K [01;31m[Kerror: [m[Kâ€˜[01m[Kstate_[m[Kâ€™ was not declared in this scope; did you mean â€˜[01m[KState[m[Kâ€™?
[3.148s]   113 |     if ([01;31m[Kstate_[m[K != State::IDLE) return;          // ignore if busy
[3.148s]       |         [01;31m[K^~~~~~[m[K
[3.148s]       |         [32m[KState[m[K
[3.155s] [01m[K/home/wasim/r4s/src/eddie-ros/src/pick_place_fsm_mock.cpp:115:5:[m[K [01;31m[Kerror: [m[Kâ€˜[01m[Ktarget_pose_[m[Kâ€™ was not declared in this scope
[3.156s]   115 |     [01;31m[Ktarget_pose_[m[K = msg->pose;
[3.156s]       |     [01;31m[K^~~~~~~~~~~~[m[K
[3.161s] [01m[K/home/wasim/r4s/src/eddie-ros/src/pick_place_fsm_mock.cpp:116:5:[m[K [01;31m[Kerror: [m[Kâ€˜[01m[Kstate_[m[Kâ€™ was not declared in this scope; did you mean â€˜[01m[KState[m[Kâ€™?
[3.161s]   116 |     [01;31m[Kstate_[m[K       = State::MOVE_TO_APPROACH;
[3.161s]       |     [01;31m[K^~~~~~[m[K
[3.161s]       |     [32m[KState[m[K
[3.167s] [01m[K/home/wasim/r4s/src/eddie-ros/src/pick_place_fsm_mock.cpp:[m[K In member function â€˜[01m[Kvoid PickPlaceFSM::[01;32m[Ksend_approach_goal[m[K()[m[Kâ€™:
[3.167s] [01m[K/home/wasim/r4s/src/eddie-ros/src/pick_place_fsm_mock.cpp:122:10:[m[K [01;31m[Kerror: [m[Kâ€˜[01m[Karm_client_[m[Kâ€™ was not declared in this scope; did you mean â€˜[01m[Krmw_client_t[m[Kâ€™?
[3.167s]   122 |     if (![01;31m[Karm_client_[m[K->wait_for_action_server(std::chrono::seconds(2)))
[3.167s]       |          [01;31m[K^~~~~~~~~~~[m[K
[3.167s]       |          [32m[Krmw_client_t[m[K
[3.172s] [01m[K/home/wasim/r4s/src/eddie-ros/src/pick_place_fsm_mock.cpp:125:7:[m[K [01;31m[Kerror: [m[Kâ€˜[01m[Kstate_[m[Kâ€™ was not declared in this scope; did you mean â€˜[01m[KState[m[Kâ€™?
[3.173s]   125 |       [01;31m[Kstate_[m[K = State::ABORT;
[3.173s]       |       [01;31m[K^~~~~~[m[K
[3.173s]       |       [32m[KState[m[K
[3.179s] [01m[K/home/wasim/r4s/src/eddie-ros/src/pick_place_fsm_mock.cpp:130:26:[m[K [01;31m[Kerror: [m[Kâ€˜[01m[Ktarget_pose_[m[Kâ€™ was not declared in this scope
[3.179s]   130 |     goal.target_pose   = [01;31m[Ktarget_pose_[m[K;
[3.179s]       |                          [01;31m[K^~~~~~~~~~~~[m[K
[3.188s] [01m[K/home/wasim/r4s/src/eddie-ros/src/pick_place_fsm_mock.cpp:138:5:[m[K [01;31m[Kerror: [m[Kâ€˜[01m[Karm_client_[m[Kâ€™ was not declared in this scope; did you mean â€˜[01m[Krmw_client_t[m[Kâ€™?
[3.188s]   138 |     [01;31m[Karm_client_[m[K->async_send_goal(goal, send_opt);
[3.189s]       |     [01;31m[K^~~~~~~~~~~[m[K
[3.189s]       |     [32m[Krmw_client_t[m[K
[3.195s] [01m[K/home/wasim/r4s/src/eddie-ros/src/pick_place_fsm_mock.cpp:140:5:[m[K [01;31m[Kerror: [m[Kâ€˜[01m[Kstate_[m[Kâ€™ was not declared in this scope; did you mean â€˜[01m[KState[m[Kâ€™?
[3.196s]   140 |     [01;31m[Kstate_[m[K = State::WAIT_APPROACH_RESULT;
[3.196s]       |     [01;31m[K^~~~~~[m[K
[3.196s]       |     [32m[KState[m[K
[3.203s] [01m[K/home/wasim/r4s/src/eddie-ros/src/pick_place_fsm_mock.cpp:[m[K In member function â€˜[01m[Kvoid PickPlaceFSM::[01;32m[Ksend_grasp_goal[m[K()[m[Kâ€™:
[3.203s] [01m[K/home/wasim/r4s/src/eddie-ros/src/pick_place_fsm_mock.cpp:147:24:[m[K [01;31m[Kerror: [m[Kâ€˜[01m[Ktarget_pose_[m[Kâ€™ was not declared in this scope
[3.204s]   147 |     goal.target_pose = [01;31m[Ktarget_pose_[m[K; // back to object
[3.204s]       |                        [01;31m[K^~~~~~~~~~~~[m[K
[3.212s] [01m[K/home/wasim/r4s/src/eddie-ros/src/pick_place_fsm_mock.cpp:154:5:[m[K [01;31m[Kerror: [m[Kâ€˜[01m[Karm_client_[m[Kâ€™ was not declared in this scope; did you mean â€˜[01m[Krmw_client_t[m[Kâ€™?
[3.212s]   154 |     [01;31m[Karm_client_[m[K->async_send_goal(goal, send_opt);
[3.212s]       |     [01;31m[K^~~~~~~~~~~[m[K
[3.212s]       |     [32m[Krmw_client_t[m[K
[3.217s] [01m[K/home/wasim/r4s/src/eddie-ros/src/pick_place_fsm_mock.cpp:156:5:[m[K [01;31m[Kerror: [m[Kâ€˜[01m[Kstate_[m[Kâ€™ was not declared in this scope; did you mean â€˜[01m[KState[m[Kâ€™?
[3.217s]   156 |     [01;31m[Kstate_[m[K = State::WAIT_GRASP_RESULT;
[3.218s]       |     [01;31m[K^~~~~~[m[K
[3.218s]       |     [32m[KState[m[K
[3.225s] [01m[K/home/wasim/r4s/src/eddie-ros/src/pick_place_fsm_mock.cpp:[m[K In member function â€˜[01m[Kvoid PickPlaceFSM::[01;32m[Ksend_gripper_close[m[K()[m[Kâ€™:
[3.225s] [01m[K/home/wasim/r4s/src/eddie-ros/src/pick_place_fsm_mock.cpp:162:10:[m[K [01;31m[Kerror: [m[Kâ€˜[01m[Kgripper_client_[m[Kâ€™ was not declared in this scope
[3.225s]   162 |     if (![01;31m[Kgripper_client_[m[K->wait_for_action_server(std::chrono::seconds(2)))
[3.225s]       |          [01;31m[K^~~~~~~~~~~~~~~[m[K
[3.231s] [01m[K/home/wasim/r4s/src/eddie-ros/src/pick_place_fsm_mock.cpp:165:7:[m[K [01;31m[Kerror: [m[Kâ€˜[01m[Kstate_[m[Kâ€™ was not declared in this scope; did you mean â€˜[01m[KState[m[Kâ€™?
[3.231s]   165 |       [01;31m[Kstate_[m[K = State::ABORT;
[3.231s]       |       [01;31m[K^~~~~~[m[K
[3.231s]       |       [32m[KState[m[K
[3.240s] [01m[K/home/wasim/r4s/src/eddie-ros/src/pick_place_fsm_mock.cpp:[m[K In lambda function:
[3.240s] [01m[K/home/wasim/r4s/src/eddie-ros/src/pick_place_fsm_mock.cpp:177:11:[m[K [01;31m[Kerror: [m[Kâ€˜[01m[Kon_gripper_result[m[Kâ€™ was not declared in this scope; did you mean â€˜[01m[Kon_arm_result[m[Kâ€™?
[3.240s]   177 |         { [01;31m[Kon_gripper_result[m[K(r); };
[3.240s]       |           [01;31m[K^~~~~~~~~~~~~~~~~[m[K
[3.240s]       |           [32m[Kon_arm_result[m[K
[3.249s] [01m[K/home/wasim/r4s/src/eddie-ros/src/pick_place_fsm_mock.cpp:[m[K In member function â€˜[01m[Kvoid PickPlaceFSM::[01;32m[Ksend_gripper_close[m[K()[m[Kâ€™:
[3.249s] [01m[K/home/wasim/r4s/src/eddie-ros/src/pick_place_fsm_mock.cpp:179:5:[m[K [01;31m[Kerror: [m[Kâ€˜[01m[Kgripper_client_[m[Kâ€™ was not declared in this scope
[3.249s]   179 |     [01;31m[Kgripper_client_[m[K->async_send_goal(goal, send_opt);
[3.249s]       |     [01;31m[K^~~~~~~~~~~~~~~[m[K
[3.255s] [01m[K/home/wasim/r4s/src/eddie-ros/src/pick_place_fsm_mock.cpp:181:5:[m[K [01;31m[Kerror: [m[Kâ€˜[01m[Kstate_[m[Kâ€™ was not declared in this scope; did you mean â€˜[01m[KState[m[Kâ€™?
[3.255s]   181 |     [01;31m[Kstate_[m[K = State::WAIT_GRIPPER_RESULT;
[3.255s]       |     [01;31m[K^~~~~~[m[K
[3.255s]       |     [32m[KState[m[K
[3.260s] [01m[K/home/wasim/r4s/src/eddie-ros/src/pick_place_fsm_mock.cpp:[m[K In member function â€˜[01m[Kvoid PickPlaceFSM::[01;32m[Kon_arm_result[m[K(const rclcpp_action::ClientGoalHandle<eddie_ros::action::ArmControl>::WrappedResult&, bool, bool)[m[Kâ€™:
[3.261s] [01m[K/home/wasim/r4s/src/eddie-ros/src/pick_place_fsm_mock.cpp:191:7:[m[K [01;31m[Kerror: [m[Kâ€˜[01m[Kstate_[m[Kâ€™ was not declared in this scope; did you mean â€˜[01m[KState[m[Kâ€™?
[3.261s]   191 |       [01;31m[Kstate_[m[K = State::ABORT;
[3.261s]       |       [01;31m[K^~~~~~[m[K
[3.261s]       |       [32m[KState[m[K
[3.266s] [01m[K/home/wasim/r4s/src/eddie-ros/src/pick_place_fsm_mock.cpp:197:7:[m[K [01;31m[Kerror: [m[Kâ€˜[01m[Kstate_[m[Kâ€™ was not declared in this scope; did you mean â€˜[01m[KState[m[Kâ€™?
[3.266s]   197 |       [01;31m[Kstate_[m[K = State::OPEN_GRIPPER;
[3.266s]       |       [01;31m[K^~~~~~[m[K
[3.266s]       |       [32m[KState[m[K
[3.271s] [01m[K/home/wasim/r4s/src/eddie-ros/src/pick_place_fsm_mock.cpp:199:7:[m[K [01;31m[Kerror: [m[Kâ€˜[01m[Kstate_[m[Kâ€™ was not declared in this scope; did you mean â€˜[01m[KState[m[Kâ€™?
[3.271s]   199 |       [01;31m[Kstate_[m[K = is_approach ? State::MOVE_TO_GRASP : State::CLOSE_GRIPPER;
[3.271s]       |       [01;31m[K^~~~~~[m[K
[3.271s]       |       [32m[KState[m[K
[3.272s] [01m[K/home/wasim/r4s/src/eddie-ros/src/pick_place_fsm_mock.cpp:[m[K At global scope:
[3.272s] [01m[K/home/wasim/r4s/src/eddie-ros/src/pick_place_fsm_mock.cpp:204:64:[m[K [01;31m[Kerror: [m[Kâ€˜[01m[KGripperControl[m[Kâ€™ was not declared in this scope; did you mean â€˜[01m[Keddie_ros::action::GripperControl[m[Kâ€™?
[3.272s]   204 |   void on_gripper_result(const rclcpp_action::ClientGoalHandle<[01;31m[KGripperControl[m[K>::WrappedResult & r)
[3.272s]       |                                                                [01;31m[K^~~~~~~~~~~~~~[m[K
[3.272s]       |                                                                [32m[Keddie_ros::action::GripperControl[m[K
[3.272s] In file included from [01m[K/home/wasim/r4s/build/eddie_ros/rosidl_generator_cpp/eddie_ros/action/gripper_control.hpp:7[m[K,
[3.272s]                  from [01m[K/home/wasim/r4s/src/eddie-ros/src/pick_place_fsm_mock.cpp:10[m[K:
[3.272s] [01m[K/home/wasim/r4s/build/eddie_ros/rosidl_generator_cpp/eddie_ros/action/detail/gripper_control__struct.hpp:1403:31:[m[K [01;36m[Knote: [m[Kâ€˜[01m[Keddie_ros::action::GripperControl[m[Kâ€™ declared here
[3.272s]  1403 | typedef struct GripperControl [01;36m[KGripperControl[m[K;
[3.272s]       |                               [01;36m[K^~~~~~~~~~~~~~[m[K
[3.272s] [01m[K/home/wasim/r4s/src/eddie-ros/src/pick_place_fsm_mock.cpp:204:78:[m[K [01;31m[Kerror: [m[Ktemplate argument 1 is invalid
[3.272s]   204 |   void on_gripper_result(const rclcpp_action::ClientGoalHandle<GripperControl[01;31m[K>[m[K::WrappedResult & r)
[3.273s]       |                                                                              [01;31m[K^[m[K
[3.273s] [01m[K/home/wasim/r4s/src/eddie-ros/src/pick_place_fsm_mock.cpp:204:95:[m[K [01;31m[Kerror: [m[Kexpected â€˜[01m[K,[m[Kâ€™ or â€˜[01m[K...[m[Kâ€™ before â€˜[01m[K&[m[Kâ€™ token
[3.273s]   204 |   void on_gripper_result(const rclcpp_action::ClientGoalHandle<GripperControl>::WrappedResult [01;31m[K&[m[K r)
[3.273s]       |                                                                                               [01;31m[K^[m[K
[3.275s] [01m[K/home/wasim/r4s/src/eddie-ros/src/pick_place_fsm_mock.cpp:[m[K In function â€˜[01m[Kvoid[01;32m[K on_gripper_result[m[K(int)[m[Kâ€™:
[3.275s] [01m[K/home/wasim/r4s/src/eddie-ros/src/pick_place_fsm_mock.cpp:206:9:[m[K [01;31m[Kerror: [m[Kâ€˜[01m[Kr[m[Kâ€™ was not declared in this scope
[3.275s]   206 |     if ([01;31m[Kr[m[K.code != rclcpp_action::ResultCode::SUCCEEDED)
[3.275s]       |         [01;31m[K^[m[K
[3.275s] In file included from [01m[K/opt/ros/jazzy/include/rclcpp/rclcpp/copy_all_parameter_values.hpp:27[m[K,
[3.275s]                  from [01m[K/opt/ros/jazzy/include/rclcpp/rclcpp/rclcpp.hpp:171[m[K,
[3.275s]                  from [01m[K/home/wasim/r4s/src/eddie-ros/src/pick_place_fsm_mock.cpp:5[m[K:
[3.276s] [01m[K/home/wasim/r4s/src/eddie-ros/src/pick_place_fsm_mock.cpp:208:20:[m[K [01;31m[Kerror: [m[Kâ€˜[01m[Kget_logger[m[Kâ€™ was not declared in this scope; did you mean â€˜[01m[Krclcpp::get_logger[m[Kâ€™?
[3.276s]   208 |       RCLCPP_ERROR([01;31m[Kget_logger[m[K(), "Gripper motion failed â€“ abort");
[3.276s]       |                    [01;31m[K^~~~~~~~~~[m[K
[3.276s] In file included from [01m[K/opt/ros/jazzy/include/rclcpp/rclcpp/copy_all_parameter_values.hpp:26[m[K:
[3.276s] [01m[K/opt/ros/jazzy/include/rclcpp/rclcpp/logger.hpp:107:17:[m[K [01;36m[Knote: [m[Kâ€˜[01m[Krclcpp::get_logger[m[Kâ€™ declared here
[3.276s]   107 |   friend Logger [01;36m[Krclcpp[m[K::get_logger(const std::string & name);
[3.276s]       |                 [01;36m[K^~~~~~[m[K
[3.276s] [01m[K/home/wasim/r4s/src/eddie-ros/src/pick_place_fsm_mock.cpp:208:7:[m[K [01;31m[Kerror: [m[Ktemplate argument 1 is invalid
[3.276s]   208 |       [01;31m[KRCLCPP_ERROR[m[K(get_logger(), "Gripper motion failed â€“ abort");
[3.276s]       |       [01;31m[K^~~~~~~~~~~~[m[K
[3.276s] [01m[K/home/wasim/r4s/src/eddie-ros/src/pick_place_fsm_mock.cpp:208:7:[m[K [01;31m[Kerror: [m[Ktemplate argument 1 is invalid
[3.276s]   208 |       [01;31m[KRCLCPP_ERROR[m[K(get_logger(), "Gripper motion failed â€“ abort");
[3.276s]       |       [01;31m[K^~~~~~~~~~~~[m[K
[3.276s] [01m[K/home/wasim/r4s/src/eddie-ros/src/pick_place_fsm_mock.cpp:208:7:[m[K [01;31m[Kerror: [m[Ktemplate argument 1 is invalid
[3.276s]   208 |       [01;31m[KRCLCPP_ERROR[m[K(get_logger(), "Gripper motion failed â€“ abort");
[3.276s]       |       [01;31m[K^~~~~~~~~~~~[m[K
[3.279s] [01m[K/home/wasim/r4s/src/eddie-ros/src/pick_place_fsm_mock.cpp:209:7:[m[K [01;31m[Kerror: [m[Kâ€˜[01m[Kstate_[m[Kâ€™ was not declared in this scope; did you mean â€˜[01m[KState[m[Kâ€™?
[3.279s]   209 |       [01;31m[Kstate_[m[K = State::ABORT;
[3.279s]       |       [01;31m[K^~~~~~[m[K
[3.279s]       |       [32m[KState[m[K
[3.279s] [01m[K/home/wasim/r4s/src/eddie-ros/src/pick_place_fsm_mock.cpp:212:17:[m[K [01;31m[Kerror: [m[Kâ€˜[01m[Kget_logger[m[Kâ€™ was not declared in this scope; did you mean â€˜[01m[Krclcpp::get_logger[m[Kâ€™?
[3.279s]   212 |     RCLCPP_INFO([01;31m[Kget_logger[m[K(), "Gripper motion succeeded");
[3.279s]       |                 [01;31m[K^~~~~~~~~~[m[K
[3.279s] [01m[K/opt/ros/jazzy/include/rclcpp/rclcpp/logger.hpp:107:17:[m[K [01;36m[Knote: [m[Kâ€˜[01m[Krclcpp::get_logger[m[Kâ€™ declared here
[3.279s]   107 |   friend Logger [01;36m[Krclcpp[m[K::get_logger(const std::string & name);
[3.279s]       |                 [01;36m[K^~~~~~[m[K
[3.280s] [01m[K/home/wasim/r4s/src/eddie-ros/src/pick_place_fsm_mock.cpp:212:5:[m[K [01;31m[Kerror: [m[Ktemplate argument 1 is invalid
[3.280s]   212 |     [01;31m[KRCLCPP_INFO[m[K(get_logger(), "Gripper motion succeeded");
[3.280s]       |     [01;31m[K^~~~~~~~~~~[m[K
[3.280s] [01m[K/home/wasim/r4s/src/eddie-ros/src/pick_place_fsm_mock.cpp:212:5:[m[K [01;31m[Kerror: [m[Ktemplate argument 1 is invalid
[3.280s]   212 |     [01;31m[KRCLCPP_INFO[m[K(get_logger(), "Gripper motion succeeded");
[3.280s]       |     [01;31m[K^~~~~~~~~~~[m[K
[3.280s] [01m[K/home/wasim/r4s/src/eddie-ros/src/pick_place_fsm_mock.cpp:212:5:[m[K [01;31m[Kerror: [m[Ktemplate argument 1 is invalid
[3.280s]   212 |     [01;31m[KRCLCPP_INFO[m[K(get_logger(), "Gripper motion succeeded");
[3.280s]       |     [01;31m[K^~~~~~~~~~~[m[K
[3.282s] [01m[K/home/wasim/r4s/src/eddie-ros/src/pick_place_fsm_mock.cpp:213:5:[m[K [01;31m[Kerror: [m[Kâ€˜[01m[Kstate_[m[Kâ€™ was not declared in this scope; did you mean â€˜[01m[KState[m[Kâ€™?
[3.282s]   213 |     [01;31m[Kstate_[m[K = State::FINISHED;
[3.283s]       |     [01;31m[K^~~~~~[m[K
[3.283s]       |     [32m[KState[m[K
[3.283s] [01m[K/home/wasim/r4s/src/eddie-ros/src/pick_place_fsm_mock.cpp:204:81:[m[K [01;35m[Kwarning: [m[Kunused parameter â€˜[01m[KWrappedResult[m[Kâ€™ [[01;35m[K]8;;https://gcc.gnu.org/onlinedocs/gcc/Warning-Options.html#index-Wunused-parameter-Wunused-parameter]8;;[m[K]
[3.283s]   204 |   void on_gripper_result([01;35m[Kconst rclcpp_action::ClientGoalHandle<GripperControl>::WrappedResult[m[K & r)
[3.283s]       |                          [01;35m[K~~~~~~~~~~~~~~~~~~~~~~~~~~~~~~~~~~~~~~~~~~~~~~~~~~~~~~~^~~~~~~~~~~~~[m[K
[3.283s] [01m[K/home/wasim/r4s/src/eddie-ros/src/pick_place_fsm_mock.cpp:[m[K In function â€˜[01m[Kvoid[01;32m[K send_place_goal[m[K()[m[Kâ€™:
[3.283s] [01m[K/home/wasim/r4s/src/eddie-ros/src/pick_place_fsm_mock.cpp:220:28:[m[K [01;31m[Kerror: [m[Kâ€˜[01m[KArmControl[m[Kâ€™ has not been declared
[3.283s]   220 |       auto goal          = [01;31m[KArmControl[m[K::Goal();
[3.283s]       |                            [01;31m[K^~~~~~~~~~[m[K
[3.287s] [01m[K/home/wasim/r4s/src/eddie-ros/src/pick_place_fsm_mock.cpp:221:28:[m[K [01;31m[Kerror: [m[Kâ€˜[01m[Kplace_pose_[m[Kâ€™ was not declared in this scope
[3.287s]   221 |       goal.target_pose   = [01;31m[Kplace_pose_[m[K;
[3.287s]       |                            [01;31m[K^~~~~~~~~~~[m[K
[3.288s] [01m[K/home/wasim/r4s/src/eddie-ros/src/pick_place_fsm_mock.cpp:223:40:[m[K [01;31m[Kerror: [m[Kâ€˜[01m[KArmControl[m[Kâ€™ was not declared in this scope; did you mean â€˜[01m[Keddie_ros::action::ArmControl[m[Kâ€™?
[3.288s]   223 |       auto opt = rclcpp_action::Client<[01;31m[KArmControl[m[K>::SendGoalOptions();
[3.288s]       |                                        [01;31m[K^~~~~~~~~~[m[K
[3.288s]       |                                        [32m[Keddie_ros::action::ArmControl[m[K
[3.288s] In file included from [01m[K/home/wasim/r4s/build/eddie_ros/rosidl_generator_cpp/eddie_ros/action/arm_control.hpp:7[m[K,
[3.288s]                  from [01m[K/home/wasim/r4s/src/eddie-ros/src/pick_place_fsm_mock.cpp:9[m[K:
[3.288s] [01m[K/home/wasim/r4s/build/eddie_ros/rosidl_generator_cpp/eddie_ros/action/detail/arm_control__struct.hpp:1382:27:[m[K [01;36m[Knote: [m[Kâ€˜[01m[Keddie_ros::action::ArmControl[m[Kâ€™ declared here
[3.288s]  1382 | typedef struct ArmControl [01;36m[KArmControl[m[K;
[3.289s]       |                           [01;36m[K^~~~~~~~~~[m[K
[3.289s] [01m[K/home/wasim/r4s/src/eddie-ros/src/pick_place_fsm_mock.cpp:223:50:[m[K [01;31m[Kerror: [m[Ktemplate argument 1 is invalid
[3.289s]   223 |       auto opt = rclcpp_action::Client<ArmControl[01;31m[K>[m[K::SendGoalOptions();
[3.289s]       |                                                  [01;31m[K^[m[K
[3.289s] [01m[K/home/wasim/r4s/src/eddie-ros/src/pick_place_fsm_mock.cpp:224:30:[m[K [01;31m[Kerror: [m[Kinvalid use of â€˜[01m[Kthis[m[Kâ€™ in non-member function
[3.289s]   224 |       opt.result_callback = [[01;31m[Kthis[m[K](const auto & r){ on_place_result(r); };
[3.289s]       |                              [01;31m[K^~~~[m[K
[3.292s] [01m[K/home/wasim/r4s/src/eddie-ros/src/pick_place_fsm_mock.cpp:225:7:[m[K [01;31m[Kerror: [m[Kâ€˜[01m[Karm_client_[m[Kâ€™ was not declared in this scope; did you mean â€˜[01m[Krmw_client_t[m[Kâ€™?
[3.292s]   225 |       [01;31m[Karm_client_[m[K->async_send_goal(goal, opt);
[3.292s]       |       [01;31m[K^~~~~~~~~~~[m[K
[3.293s]       |       [32m[Krmw_client_t[m[K
[3.293s] [01m[K/home/wasim/r4s/src/eddie-ros/src/pick_place_fsm_mock.cpp:226:19:[m[K [01;31m[Kerror: [m[Kâ€˜[01m[Kget_logger[m[Kâ€™ was not declared in this scope; did you mean â€˜[01m[Krclcpp::get_logger[m[Kâ€™?
[3.293s]   226 |       RCLCPP_INFO([01;31m[Kget_logger[m[K(), "[FSM] Place (approach) goal sent");
[3.293s]       |                   [01;31m[K^~~~~~~~~~[m[K
[3.293s] [01m[K/opt/ros/jazzy/include/rclcpp/rclcpp/logger.hpp:107:17:[m[K [01;36m[Knote: [m[Kâ€˜[01m[Krclcpp::get_logger[m[Kâ€™ declared here
[3.293s]   107 |   friend Logger [01;36m[Krclcpp[m[K::get_logger(const std::string & name);
[3.293s]       |                 [01;36m[K^~~~~~[m[K
[3.293s] [01m[K/home/wasim/r4s/src/eddie-ros/src/pick_place_fsm_mock.cpp:226:7:[m[K [01;31m[Kerror: [m[Ktemplate argument 1 is invalid
[3.293s]   226 |       [01;31m[KRCLCPP_INFO[m[K(get_logger(), "[FSM] Place (approach) goal sent");
[3.293s]       |       [01;31m[K^~~~~~~~~~~[m[K
[3.293s] [01m[K/home/wasim/r4s/src/eddie-ros/src/pick_place_fsm_mock.cpp:226:7:[m[K [01;31m[Kerror: [m[Ktemplate argument 1 is invalid
[3.293s]   226 |       [01;31m[KRCLCPP_INFO[m[K(get_logger(), "[FSM] Place (approach) goal sent");
[3.294s]       |       [01;31m[K^~~~~~~~~~~[m[K
[3.294s] [01m[K/home/wasim/r4s/src/eddie-ros/src/pick_place_fsm_mock.cpp:226:7:[m[K [01;31m[Kerror: [m[Ktemplate argument 1 is invalid
[3.294s]   226 |       [01;31m[KRCLCPP_INFO[m[K(get_logger(), "[FSM] Place (approach) goal sent");
[3.294s]       |       [01;31m[K^~~~~~~~~~~[m[K
[3.297s] [01m[K/home/wasim/r4s/src/eddie-ros/src/pick_place_fsm_mock.cpp:227:7:[m[K [01;31m[Kerror: [m[Kâ€˜[01m[Kstate_[m[Kâ€™ was not declared in this scope; did you mean â€˜[01m[KState[m[Kâ€™?
[3.297s]   227 |       [01;31m[Kstate_[m[K = State::WAIT_PLACE_RESULT;
[3.297s]       |       [01;31m[K^~~~~~[m[K
[3.297s]       |       [32m[KState[m[K
[3.297s] [01m[K/home/wasim/r4s/src/eddie-ros/src/pick_place_fsm_mock.cpp:[m[K In function â€˜[01m[Kvoid[01;32m[K send_open_gripper_goal[m[K()[m[Kâ€™:
[3.297s] [01m[K/home/wasim/r4s/src/eddie-ros/src/pick_place_fsm_mock.cpp:232:35:[m[K [01;31m[Kerror: [m[Kâ€˜[01m[KGripperControl[m[Kâ€™ has not been declared
[3.297s]   232 |       auto goal                 = [01;31m[KGripperControl[m[K::Goal();
[3.297s]       |                                   [01;31m[K^~~~~~~~~~~~~~[m[K
[3.297s] [01m[K/home/wasim/r4s/src/eddie-ros/src/pick_place_fsm_mock.cpp:236:40:[m[K [01;31m[Kerror: [m[Kâ€˜[01m[KGripperControl[m[Kâ€™ was not declared in this scope; did you mean â€˜[01m[Keddie_ros::action::GripperControl[m[Kâ€™?
[3.297s]   236 |       auto opt = rclcpp_action::Client<[01;31m[KGripperControl[m[K>::SendGoalOptions();
[3.297s]       |                                        [01;31m[K^~~~~~~~~~~~~~[m[K
[3.297s]       |                                        [32m[Keddie_ros::action::GripperControl[m[K
[3.297s] [01m[K/home/wasim/r4s/build/eddie_ros/rosidl_generator_cpp/eddie_ros/action/detail/gripper_control__struct.hpp:1403:31:[m[K [01;36m[Knote: [m[Kâ€˜[01m[Keddie_ros::action::GripperControl[m[Kâ€™ declared here
[3.297s]  1403 | typedef struct GripperControl [01;36m[KGripperControl[m[K;
[3.297s]       |                               [01;36m[K^~~~~~~~~~~~~~[m[K
[3.297s] [01m[K/home/wasim/r4s/src/eddie-ros/src/pick_place_fsm_mock.cpp:236:54:[m[K [01;31m[Kerror: [m[Ktemplate argument 1 is invalid
[3.297s]   236 |       auto opt = rclcpp_action::Client<GripperControl[01;31m[K>[m[K::SendGoalOptions();
[3.298s]       |                                                      [01;31m[K^[m[K
[3.298s] [01m[K/home/wasim/r4s/src/eddie-ros/src/pick_place_fsm_mock.cpp:237:30:[m[K [01;31m[Kerror: [m[Kinvalid use of â€˜[01m[Kthis[m[Kâ€™ in non-member function
[3.298s]   237 |       opt.result_callback = [[01;31m[Kthis[m[K](const auto & r){ on_open_result(r); };
[3.298s]       |                              [01;31m[K^~~~[m[K
[3.302s] [01m[K/home/wasim/r4s/src/eddie-ros/src/pick_place_fsm_mock.cpp:238:7:[m[K [01;31m[Kerror: [m[Kâ€˜[01m[Kgripper_client_[m[Kâ€™ was not declared in this scope
[3.302s]   238 |       [01;31m[Kgripper_client_[m[K->async_send_goal(goal, opt);
[3.302s]       |       [01;31m[K^~~~~~~~~~~~~~~[m[K
[3.302s] [01m[K/home/wasim/r4s/src/eddie-ros/src/pick_place_fsm_mock.cpp:239:19:[m[K [01;31m[Kerror: [m[Kâ€˜[01m[Kget_logger[m[Kâ€™ was not declared in this scope; did you mean â€˜[01m[Krclcpp::get_logger[m[Kâ€™?
[3.302s]   239 |       RCLCPP_INFO([01;31m[Kget_logger[m[K(), "[FSM] Open-gripper goal sent");
[3.303s]       |                   [01;31m[K^~~~~~~~~~[m[K
[3.303s] [01m[K/opt/ros/jazzy/include/rclcpp/rclcpp/logger.hpp:107:17:[m[K [01;36m[Knote: [m[Kâ€˜[01m[Krclcpp::get_logger[m[Kâ€™ declared here
[3.303s]   107 |   friend Logger [01;36m[Krclcpp[m[K::get_logger(const std::string & name);
[3.303s]       |                 [01;36m[K^~~~~~[m[K
[3.303s] [01m[K/home/wasim/r4s/src/eddie-ros/src/pick_place_fsm_mock.cpp:239:7:[m[K [01;31m[Kerror: [m[Ktemplate argument 1 is invalid
[3.303s]   239 |       [01;31m[KRCLCPP_INFO[m[K(get_logger(), "[FSM] Open-gripper goal sent");
[3.303s]       |       [01;31m[K^~~~~~~~~~~[m[K
[3.303s] [01m[K/home/wasim/r4s/src/eddie-ros/src/pick_place_fsm_mock.cpp:239:7:[m[K [01;31m[Kerror: [m[Ktemplate argument 1 is invalid
[3.303s]   239 |       [01;31m[KRCLCPP_INFO[m[K(get_logger(), "[FSM] Open-gripper goal sent");
[3.303s]       |       [01;31m[K^~~~~~~~~~~[m[K
[3.303s] [01m[K/home/wasim/r4s/src/eddie-ros/src/pick_place_fsm_mock.cpp:239:7:[m[K [01;31m[Kerror: [m[Ktemplate argument 1 is invalid
[3.303s]   239 |       [01;31m[KRCLCPP_INFO[m[K(get_logger(), "[FSM] Open-gripper goal sent");
[3.303s]       |       [01;31m[K^~~~~~~~~~~[m[K
[3.306s] [01m[K/home/wasim/r4s/src/eddie-ros/src/pick_place_fsm_mock.cpp:240:7:[m[K [01;31m[Kerror: [m[Kâ€˜[01m[Kstate_[m[Kâ€™ was not declared in this scope; did you mean â€˜[01m[KState[m[Kâ€™?
[3.306s]   240 |       [01;31m[Kstate_[m[K = State::WAIT_OPEN_RESULT;
[3.306s]       |       [01;31m[K^~~~~~[m[K
[3.306s]       |       [32m[KState[m[K
[3.306s] [01m[K/home/wasim/r4s/src/eddie-ros/src/pick_place_fsm_mock.cpp:[m[K At global scope:
[3.306s] [01m[K/home/wasim/r4s/src/eddie-ros/src/pick_place_fsm_mock.cpp:243:62:[m[K [01;31m[Kerror: [m[Kâ€˜[01m[KArmControl[m[Kâ€™ was not declared in this scope; did you mean â€˜[01m[Keddie_ros::action::ArmControl[m[Kâ€™?
[3.306s]   243 |   void on_place_result(const rclcpp_action::ClientGoalHandle<[01;31m[KArmControl[m[K>::WrappedResult & r)
[3.307s]       |                                                              [01;31m[K^~~~~~~~~~[m[K
[3.307s]       |                                                              [32m[Keddie_ros::action::ArmControl[m[K
[3.307s] [01m[K/home/wasim/r4s/build/eddie_ros/rosidl_generator_cpp/eddie_ros/action/detail/arm_control__struct.hpp:1382:27:[m[K [01;36m[Knote: [m[Kâ€˜[01m[Keddie_ros::action::ArmControl[m[Kâ€™ declared here
[3.307s]  1382 | typedef struct ArmControl [01;36m[KArmControl[m[K;
[3.307s]       |                           [01;36m[K^~~~~~~~~~[m[K
[3.307s] [01m[K/home/wasim/r4s/src/eddie-ros/src/pick_place_fsm_mock.cpp:243:72:[m[K [01;31m[Kerror: [m[Ktemplate argument 1 is invalid
[3.307s]   243 |   void on_place_result(const rclcpp_action::ClientGoalHandle<ArmControl[01;31m[K>[m[K::WrappedResult & r)
[3.307s]       |                                                                        [01;31m[K^[m[K
[3.307s] [01m[K/home/wasim/r4s/src/eddie-ros/src/pick_place_fsm_mock.cpp:243:89:[m[K [01;31m[Kerror: [m[Kexpected â€˜[01m[K,[m[Kâ€™ or â€˜[01m[K...[m[Kâ€™ before â€˜[01m[K&[m[Kâ€™ token
[3.307s]   243 |   void on_place_result(const rclcpp_action::ClientGoalHandle<ArmControl>::WrappedResult [01;31m[K&[m[K r)
[3.307s]       |                                                                                         [01;31m[K^[m[K
[3.309s] [01m[K/home/wasim/r4s/src/eddie-ros/src/pick_place_fsm_mock.cpp:[m[K In function â€˜[01m[Kvoid[01;32m[K on_place_result[m[K(int)[m[Kâ€™:
[3.309s] [01m[K/home/wasim/r4s/src/eddie-ros/src/pick_place_fsm_mock.cpp:245:11:[m[K [01;31m[Kerror: [m[Kâ€˜[01m[Kr[m[Kâ€™ was not declared in this scope
[3.309s]   245 |       if ([01;31m[Kr[m[K.code != rclcpp_action::ResultCode::SUCCEEDED){ state_ = State::ABORT; return; }
[3.309s]       |           [01;31m[K^[m[K
[3.312s] [01m[K/home/wasim/r4s/src/eddie-ros/src/pick_place_fsm_mock.cpp:245:60:[m[K [01;31m[Kerror: [m[Kâ€˜[01m[Kstate_[m[Kâ€™ was not declared in this scope; did you mean â€˜[01m[KState[m[Kâ€™?
[3.312s]   245 |       if (r.code != rclcpp_action::ResultCode::SUCCEEDED){ [01;31m[Kstate_[m[K = State::ABORT; return; }
[3.312s]       |                                                            [01;31m[K^~~~~~[m[K
[3.312s]       |                                                            [32m[KState[m[K
[3.312s] [01m[K/home/wasim/r4s/src/eddie-ros/src/pick_place_fsm_mock.cpp:246:19:[m[K [01;31m[Kerror: [m[Kâ€˜[01m[Kget_logger[m[Kâ€™ was not declared in this scope; did you mean â€˜[01m[Krclcpp::get_logger[m[Kâ€™?
[3.312s]   246 |       RCLCPP_INFO([01;31m[Kget_logger[m[K(), "Place motion succeeded");
[3.313s]       |                   [01;31m[K^~~~~~~~~~[m[K
[3.313s] [01m[K/opt/ros/jazzy/include/rclcpp/rclcpp/logger.hpp:107:17:[m[K [01;36m[Knote: [m[Kâ€˜[01m[Krclcpp::get_logger[m[Kâ€™ declared here
[3.313s]   107 |   friend Logger [01;36m[Krclcpp[m[K::get_logger(const std::string & name);
[3.313s]       |                 [01;36m[K^~~~~~[m[K
[3.313s] [01m[K/home/wasim/r4s/src/eddie-ros/src/pick_place_fsm_mock.cpp:246:7:[m[K [01;31m[Kerror: [m[Ktemplate argument 1 is invalid
[3.313s]   246 |       [01;31m[KRCLCPP_INFO[m[K(get_logger(), "Place motion succeeded");
[3.313s]       |       [01;31m[K^~~~~~~~~~~[m[K
[3.313s] [01m[K/home/wasim/r4s/src/eddie-ros/src/pick_place_fsm_mock.cpp:246:7:[m[K [01;31m[Kerror: [m[Ktemplate argument 1 is invalid
[3.313s]   246 |       [01;31m[KRCLCPP_INFO[m[K(get_logger(), "Place motion succeeded");
[3.313s]       |       [01;31m[K^~~~~~~~~~~[m[K
[3.313s] [01m[K/home/wasim/r4s/src/eddie-ros/src/pick_place_fsm_mock.cpp:246:7:[m[K [01;31m[Kerror: [m[Ktemplate argument 1 is invalid
[3.313s]   246 |       [01;31m[KRCLCPP_INFO[m[K(get_logger(), "Place motion succeeded");
[3.313s]       |       [01;31m[K^~~~~~~~~~~[m[K
[3.316s] [01m[K/home/wasim/r4s/src/eddie-ros/src/pick_place_fsm_mock.cpp:247:7:[m[K [01;31m[Kerror: [m[Kâ€˜[01m[Kstate_[m[Kâ€™ was not declared in this scope; did you mean â€˜[01m[KState[m[Kâ€™?
[3.316s]   247 |       [01;31m[Kstate_[m[K = State::OPEN_GRIPPER;
[3.316s]       |       [01;31m[K^~~~~~[m[K
[3.316s]       |       [32m[KState[m[K
[3.316s] [01m[K/home/wasim/r4s/src/eddie-ros/src/pick_place_fsm_mock.cpp:243:75:[m[K [01;35m[Kwarning: [m[Kunused parameter â€˜[01m[KWrappedResult[m[Kâ€™ [[01;35m[K]8;;https://gcc.gnu.org/onlinedocs/gcc/Warning-Options.html#index-Wunused-parameter-Wunused-parameter]8;;[m[K]
[3.316s]   243 |   void on_place_result([01;35m[Kconst rclcpp_action::ClientGoalHandle<ArmControl>::WrappedResult[m[K & r)
[3.316s]       |                        [01;35m[K~~~~~~~~~~~~~~~~~~~~~~~~~~~~~~~~~~~~~~~~~~~~~~~~~~~^~~~~~~~~~~~~[m[K
[3.316s] [01m[K/home/wasim/r4s/src/eddie-ros/src/pick_place_fsm_mock.cpp:[m[K At global scope:
[3.316s] [01m[K/home/wasim/r4s/src/eddie-ros/src/pick_place_fsm_mock.cpp:250:61:[m[K [01;31m[Kerror: [m[Kâ€˜[01m[KGripperControl[m[Kâ€™ was not declared in this scope; did you mean â€˜[01m[Keddie_ros::action::GripperControl[m[Kâ€™?
[3.317s]   250 |   void on_open_result(const rclcpp_action::ClientGoalHandle<[01;31m[KGripperControl[m[K>::WrappedResult & r)
[3.317s]       |                                                             [01;31m[K^~~~~~~~~~~~~~[m[K
[3.317s]       |                                                             [32m[Keddie_ros::action::GripperControl[m[K
[3.317s] [01m[K/home/wasim/r4s/build/eddie_ros/rosidl_generator_cpp/eddie_ros/action/detail/gripper_control__struct.hpp:1403:31:[m[K [01;36m[Knote: [m[Kâ€˜[01m[Keddie_ros::action::GripperControl[m[Kâ€™ declared here
[3.317s]  1403 | typedef struct GripperControl [01;36m[KGripperControl[m[K;
[3.317s]       |                               [01;36m[K^~~~~~~~~~~~~~[m[K
[3.317s] [01m[K/home/wasim/r4s/src/eddie-ros/src/pick_place_fsm_mock.cpp:250:75:[m[K [01;31m[Kerror: [m[Ktemplate argument 1 is invalid
[3.317s]   250 |   void on_open_result(const rclcpp_action::ClientGoalHandle<GripperControl[01;31m[K>[m[K::WrappedResult & r)
[3.317s]       |                                                                           [01;31m[K^[m[K
[3.317s] [01m[K/home/wasim/r4s/src/eddie-ros/src/pick_place_fsm_mock.cpp:250:92:[m[K [01;31m[Kerror: [m[Kexpected â€˜[01m[K,[m[Kâ€™ or â€˜[01m[K...[m[Kâ€™ before â€˜[01m[K&[m[Kâ€™ token
[3.317s]   250 |   void on_open_result(const rclcpp_action::ClientGoalHandle<GripperControl>::WrappedResult [01;31m[K&[m[K r)
[3.317s]       |                                                                                            [01;31m[K^[m[K
[3.319s] [01m[K/home/wasim/r4s/src/eddie-ros/src/pick_place_fsm_mock.cpp:[m[K In function â€˜[01m[Kvoid[01;32m[K on_open_result[m[K(int)[m[Kâ€™:
[3.319s] [01m[K/home/wasim/r4s/src/eddie-ros/src/pick_place_fsm_mock.cpp:252:11:[m[K [01;31m[Kerror: [m[Kâ€˜[01m[Kr[m[Kâ€™ was not declared in this scope
[3.319s]   252 |       if ([01;31m[Kr[m[K.code != rclcpp_action::ResultCode::SUCCEEDED){ state_ = State::ABORT; return; }
[3.319s]       |           [01;31m[K^[m[K
[3.322s] [01m[K/home/wasim/r4s/src/eddie-ros/src/pick_place_fsm_mock.cpp:252:60:[m[K [01;31m[Kerror: [m[Kâ€˜[01m[Kstate_[m[Kâ€™ was not declared in this scope; did you mean â€˜[01m[KState[m[Kâ€™?
[3.322s]   252 |       if (r.code != rclcpp_action::ResultCode::SUCCEEDED){ [01;31m[Kstate_[m[K = State::ABORT; return; }
[3.322s]       |                                                            [01;31m[K^~~~~~[m[K
[3.322s]       |                                                            [32m[KState[m[K
[3.322s] [01m[K/home/wasim/r4s/src/eddie-ros/src/pick_place_fsm_mock.cpp:253:19:[m[K [01;31m[Kerror: [m[Kâ€˜[01m[Kget_logger[m[Kâ€™ was not declared in this scope; did you mean â€˜[01m[Krclcpp::get_logger[m[Kâ€™?
[3.322s]   253 |       RCLCPP_INFO([01;31m[Kget_logger[m[K(), "Gripper open succeeded");
[3.322s]       |                   [01;31m[K^~~~~~~~~~[m[K
[3.323s] [01m[K/opt/ros/jazzy/include/rclcpp/rclcpp/logger.hpp:107:17:[m[K [01;36m[Knote: [m[Kâ€˜[01m[Krclcpp::get_logger[m[Kâ€™ declared here
[3.323s]   107 |   friend Logger [01;36m[Krclcpp[m[K::get_logger(const std::string & name);
[3.323s]       |                 [01;36m[K^~~~~~[m[K
[3.323s] [01m[K/home/wasim/r4s/src/eddie-ros/src/pick_place_fsm_mock.cpp:253:7:[m[K [01;31m[Kerror: [m[Ktemplate argument 1 is invalid
[3.323s]   253 |       [01;31m[KRCLCPP_INFO[m[K(get_logger(), "Gripper open succeeded");
[3.323s]       |       [01;31m[K^~~~~~~~~~~[m[K
[3.323s] [01m[K/home/wasim/r4s/src/eddie-ros/src/pick_place_fsm_mock.cpp:253:7:[m[K [01;31m[Kerror: [m[Ktemplate argument 1 is invalid
[3.323s]   253 |       [01;31m[KRCLCPP_INFO[m[K(get_logger(), "Gripper open succeeded");
[3.323s]       |       [01;31m[K^~~~~~~~~~~[m[K
[3.323s] [01m[K/home/wasim/r4s/src/eddie-ros/src/pick_place_fsm_mock.cpp:253:7:[m[K [01;31m[Kerror: [m[Ktemplate argument 1 is invalid
[3.323s]   253 |       [01;31m[KRCLCPP_INFO[m[K(get_logger(), "Gripper open succeeded");
[3.323s]       |       [01;31m[K^~~~~~~~~~~[m[K
[3.326s] [01m[K/home/wasim/r4s/src/eddie-ros/src/pick_place_fsm_mock.cpp:254:7:[m[K [01;31m[Kerror: [m[Kâ€˜[01m[Kstate_[m[Kâ€™ was not declared in this scope; did you mean â€˜[01m[KState[m[Kâ€™?
[3.326s]   254 |       [01;31m[Kstate_[m[K = State::FINISHED;
[3.326s]       |       [01;31m[K^~~~~~[m[K
[3.326s]       |       [32m[KState[m[K
[3.326s] [01m[K/home/wasim/r4s/src/eddie-ros/src/pick_place_fsm_mock.cpp:250:78:[m[K [01;35m[Kwarning: [m[Kunused parameter â€˜[01m[KWrappedResult[m[Kâ€™ [[01;35m[K]8;;https://gcc.gnu.org/onlinedocs/gcc/Warning-Options.html#index-Wunused-parameter-Wunused-parameter]8;;[m[K]
[3.326s]   250 |   void on_open_result([01;35m[Kconst rclcpp_action::ClientGoalHandle<GripperControl>::WrappedResult[m[K & r)
[3.326s]       |                       [01;35m[K~~~~~~~~~~~~~~~~~~~~~~~~~~~~~~~~~~~~~~~~~~~~~~~~~~~~~~~^~~~~~~~~~~~~[m[K
[3.327s] [01m[K/home/wasim/r4s/src/eddie-ros/src/pick_place_fsm_mock.cpp:[m[K At global scope:
[3.327s] [01m[K/home/wasim/r4s/src/eddie-ros/src/pick_place_fsm_mock.cpp:260:25:[m[K [01;31m[Kerror: [m[Kâ€˜[01m[KArmControl[m[Kâ€™ was not declared in this scope; did you mean â€˜[01m[Keddie_ros::action::ArmControl[m[Kâ€™?
[3.327s]   260 |   rclcpp_action::Client<[01;31m[KArmControl[m[K>::SharedPtr     arm_client_;
[3.327s]       |                         [01;31m[K^~~~~~~~~~[m[K
[3.327s]       |                         [32m[Keddie_ros::action::ArmControl[m[K
[3.327s] [01m[K/home/wasim/r4s/build/eddie_ros/rosidl_generator_cpp/eddie_ros/action/detail/arm_control__struct.hpp:1382:27:[m[K [01;36m[Knote: [m[Kâ€˜[01m[Keddie_ros::action::ArmControl[m[Kâ€™ declared here
[3.327s]  1382 | typedef struct ArmControl [01;36m[KArmControl[m[K;
[3.327s]       |                           [01;36m[K^~~~~~~~~~[m[K
[3.327s] [01m[K/home/wasim/r4s/src/eddie-ros/src/pick_place_fsm_mock.cpp:260:35:[m[K [01;31m[Kerror: [m[Ktemplate argument 1 is invalid
[3.327s]   260 |   rclcpp_action::Client<ArmControl[01;31m[K>[m[K::SharedPtr     arm_client_;
[3.327s]       |                                   [01;31m[K^[m[K
[3.327s] [01m[K/home/wasim/r4s/src/eddie-ros/src/pick_place_fsm_mock.cpp:260:52:[m[K [01;31m[Kerror: [m[Kexpected initializer before â€˜[01m[Karm_client_[m[Kâ€™
[3.327s]   260 |   rclcpp_action::Client<ArmControl>::SharedPtr     [01;31m[Karm_client_[m[K;
[3.327s]       |                                                    [01;31m[K^~~~~~~~~~~[m[K
[3.327s] [01m[K/home/wasim/r4s/src/eddie-ros/src/pick_place_fsm_mock.cpp:261:25:[m[K [01;31m[Kerror: [m[Kâ€˜[01m[KGripperControl[m[Kâ€™ was not declared in this scope; did you mean â€˜[01m[Keddie_ros::action::GripperControl[m[Kâ€™?
[3.327s]   261 |   rclcpp_action::Client<[01;31m[KGripperControl[m[K>::SharedPtr gripper_client_;
[3.328s]       |                         [01;31m[K^~~~~~~~~~~~~~[m[K
[3.328s]       |                         [32m[Keddie_ros::action::GripperControl[m[K
[3.328s] [01m[K/home/wasim/r4s/build/eddie_ros/rosidl_generator_cpp/eddie_ros/action/detail/gripper_control__struct.hpp:1403:31:[m[K [01;36m[Knote: [m[Kâ€˜[01m[Keddie_ros::action::GripperControl[m[Kâ€™ declared here
[3.328s]  1403 | typedef struct GripperControl [01;36m[KGripperControl[m[K;
[3.328s]       |                               [01;36m[K^~~~~~~~~~~~~~[m[K
[3.328s] [01m[K/home/wasim/r4s/src/eddie-ros/src/pick_place_fsm_mock.cpp:261:39:[m[K [01;31m[Kerror: [m[Ktemplate argument 1 is invalid
[3.328s]   261 |   rclcpp_action::Client<GripperControl[01;31m[K>[m[K::SharedPtr gripper_client_;
[3.328s]       |                                       [01;31m[K^[m[K
[3.328s] [01m[K/home/wasim/r4s/src/eddie-ros/src/pick_place_fsm_mock.cpp:261:52:[m[K [01;31m[Kerror: [m[Kexpected initializer before â€˜[01m[Kgripper_client_[m[Kâ€™
[3.328s]   261 |   rclcpp_action::Client<GripperControl>::SharedPtr [01;31m[Kgripper_client_[m[K;
[3.328s]       |                                                    [01;31m[K^~~~~~~~~~~~~~~[m[K
[3.328s] [01m[K/home/wasim/r4s/src/eddie-ros/src/pick_place_fsm_mock.cpp:267:1:[m[K [01;31m[Kerror: [m[Kexpected declaration before â€˜[01m[K}[m[Kâ€™ token
[3.328s]   267 | [01;31m[K}[m[K;
[3.328s]       | [01;31m[K^[m[K
[5.561s] gmake[2]: *** [CMakeFiles/pick_place_fsm_mock.dir/build.make:76: CMakeFiles/pick_place_fsm_mock.dir/src/pick_place_fsm_mock.cpp.o] Error 1
[5.561s] gmake[1]: *** [CMakeFiles/Makefile2:717: CMakeFiles/pick_place_fsm_mock.dir/all] Error 2
[5.562s] gmake: *** [Makefile:146: all] Error 2
[5.564s] Invoked command in '/home/wasim/r4s/build/eddie_ros' returned '2': CMAKE_PREFIX_PATH=/home/wasim/r4s/install/robif2b:/home/wasim/r4s/install/orocos_kdl:/home/wasim/r4s/install/coord2b:/home/wasim/r4s/install/eddie_ros:/home/wasim/r4s/install/eddie-ros:/home/wasim/r4s/install/kinova_vision:/opt/ros/jazzy/opt/gz_sim_vendor:/opt/ros/jazzy/opt/gz_sensors_vendor:/opt/ros/jazzy/opt/gz_physics_vendor:/opt/ros/jazzy/opt/sdformat_vendor:/opt/ros/jazzy/opt/gz_gui_vendor:/opt/ros/jazzy/opt/gz_transport_vendor:/opt/ros/jazzy/opt/gz_rendering_vendor:/opt/ros/jazzy/opt/gz_plugin_vendor:/opt/ros/jazzy/opt/gz_fuel_tools_vendor:/opt/ros/jazzy/opt/gz_msgs_vendor:/opt/ros/jazzy/opt/gz_common_vendor:/opt/ros/jazzy/opt/gz_math_vendor:/opt/ros/jazzy/opt/gz_utils_vendor:/opt/ros/jazzy/opt/gz_tools_vendor:/opt/ros/jazzy/opt/gz_ogre_next_vendor:/opt/ros/jazzy/opt/gz_dartsim_vendor:/opt/ros/jazzy/opt/gz_cmake_vendor:/opt/ros/jazzy DEBUGINFOD_URLS=https://debuginfod.ubuntu.com LD_LIBRARY_PATH=/home/wasim/r4s/install/robif2b/lib:/home/wasim/r4s/install/orocos_kdl/lib:/home/wasim/r4s/install/coord2b/lib:/home/wasim/r4s/install/eddie_ros/lib:/home/wasim/r4s/install/kinova_vision/lib:/opt/ros/jazzy/opt/gz_sim_vendor/lib:/opt/ros/jazzy/opt/gz_sensors_vendor/lib:/opt/ros/jazzy/opt/gz_physics_vendor/lib:/opt/ros/jazzy/opt/sdformat_vendor/lib:/opt/ros/jazzy/opt/rviz_ogre_vendor/lib:/opt/ros/jazzy/lib/x86_64-linux-gnu:/opt/ros/jazzy/opt/gz_gui_vendor/lib:/opt/ros/jazzy/opt/gz_transport_vendor/lib:/opt/ros/jazzy/opt/gz_rendering_vendor/lib:/opt/ros/jazzy/opt/gz_plugin_vendor/lib:/opt/ros/jazzy/opt/gz_fuel_tools_vendor/lib:/opt/ros/jazzy/opt/gz_msgs_vendor/lib:/opt/ros/jazzy/opt/gz_common_vendor/lib:/opt/ros/jazzy/opt/gz_math_vendor/lib:/opt/ros/jazzy/opt/gz_utils_vendor/lib:/opt/ros/jazzy/opt/gz_tools_vendor/lib:/opt/ros/jazzy/opt/gz_ogre_next_vendor/lib:/opt/ros/jazzy/opt/gz_dartsim_vendor/lib:/opt/ros/jazzy/opt/gz_cmake_vendor/lib:/opt/ros/jazzy/lib PKG_CONFIG_PATH=/home/wasim/r4s/install/orocos_kdl/lib/x86_64-linux-gnu/pkgconfig:/home/wasim/r4s/install/orocos_kdl/lib/pkgconfig:/home/wasim/r4s/install/python_orocos_kdl/lib/x86_64-linux-gnu/pkgconfig:/home/wasim/r4s/install/python_orocos_kdl/lib/pkgconfig /usr/bin/cmake --build /home/wasim/r4s/build/eddie_ros -- -j16 -l16
