[0.076s] Invoking command in '/home/wasim/r4s/build/eddie-ros': CMAKE_PREFIX_PATH=/home/wasim/r4s/install/robif2b:/home/wasim/r4s/install/orocos_kdl:/home/wasim/r4s/install/coord2b:/home/wasim/r4s/install/eddie-ros:/home/wasim/r4s/install/kinova_vision:/opt/ros/jazzy/opt/gz_sim_vendor:/opt/ros/jazzy/opt/gz_sensors_vendor:/opt/ros/jazzy/opt/gz_physics_vendor:/opt/ros/jazzy/opt/sdformat_vendor:/opt/ros/jazzy/opt/gz_gui_vendor:/opt/ros/jazzy/opt/gz_transport_vendor:/opt/ros/jazzy/opt/gz_rendering_vendor:/opt/ros/jazzy/opt/gz_plugin_vendor:/opt/ros/jazzy/opt/gz_fuel_tools_vendor:/opt/ros/jazzy/opt/gz_msgs_vendor:/opt/ros/jazzy/opt/gz_common_vendor:/opt/ros/jazzy/opt/gz_math_vendor:/opt/ros/jazzy/opt/gz_utils_vendor:/opt/ros/jazzy/opt/gz_tools_vendor:/opt/ros/jazzy/opt/gz_ogre_next_vendor:/opt/ros/jazzy/opt/gz_dartsim_vendor:/opt/ros/jazzy/opt/gz_cmake_vendor:/opt/ros/jazzy DEBUGINFOD_URLS=https://debuginfod.ubuntu.com LD_LIBRARY_PATH=/home/wasim/r4s/install/robif2b/lib:/home/wasim/r4s/install/orocos_kdl/lib:/home/wasim/r4s/install/coord2b/lib:/home/wasim/r4s/install/kinova_vision/lib:/opt/ros/jazzy/opt/gz_sim_vendor/lib:/opt/ros/jazzy/opt/gz_sensors_vendor/lib:/opt/ros/jazzy/opt/gz_physics_vendor/lib:/opt/ros/jazzy/opt/sdformat_vendor/lib:/opt/ros/jazzy/opt/rviz_ogre_vendor/lib:/opt/ros/jazzy/lib/x86_64-linux-gnu:/opt/ros/jazzy/opt/gz_gui_vendor/lib:/opt/ros/jazzy/opt/gz_transport_vendor/lib:/opt/ros/jazzy/opt/gz_rendering_vendor/lib:/opt/ros/jazzy/opt/gz_plugin_vendor/lib:/opt/ros/jazzy/opt/gz_fuel_tools_vendor/lib:/opt/ros/jazzy/opt/gz_msgs_vendor/lib:/opt/ros/jazzy/opt/gz_common_vendor/lib:/opt/ros/jazzy/opt/gz_math_vendor/lib:/opt/ros/jazzy/opt/gz_utils_vendor/lib:/opt/ros/jazzy/opt/gz_tools_vendor/lib:/opt/ros/jazzy/opt/gz_ogre_next_vendor/lib:/opt/ros/jazzy/opt/gz_dartsim_vendor/lib:/opt/ros/jazzy/opt/gz_cmake_vendor/lib:/opt/ros/jazzy/lib PKG_CONFIG_PATH=/home/wasim/r4s/install/orocos_kdl/lib/x86_64-linux-gnu/pkgconfig:/home/wasim/r4s/install/orocos_kdl/lib/pkgconfig:/home/wasim/r4s/install/python_orocos_kdl/lib/x86_64-linux-gnu/pkgconfig:/home/wasim/r4s/install/python_orocos_kdl/lib/pkgconfig /usr/bin/cmake --build /home/wasim/r4s/build/eddie-ros -- -j16 -l16
[0.287s] [ 33%] [32mBuilding CXX object CMakeFiles/eddie_ros_interface_test.dir/src/interface-test.cpp.o[0m
[0.288s] [ 33%] [32mBuilding CXX object CMakeFiles/eddie_ros_interface.dir/src/interface.cpp.o[0m
[0.288s] [ 50%] [32mBuilding CXX object CMakeFiles/eddie_ros_interface_test.dir/src/interface-parameters.cpp.o[0m
[0.288s] [ 66%] [32mBuilding CXX object CMakeFiles/eddie_ros_interface.dir/src/interface-parameters.cpp.o[0m
[7.550s] In file included from [01m[K/home/wasim/r4s/src/eddie-ros/include/eddie-ros/interface.hpp:40[m[K,
[7.551s]                  from [01m[K/home/wasim/r4s/src/eddie-ros/src/interface-parameters.cpp:7[m[K:
[7.551s] [01m[K/home/wasim/r4s/src/eddie-ros/include/eddie-ros/eddie_ros.fsm.hpp:83:5:[m[K [01;31m[Kerror: [m[Kexpected â€˜[01m[K}[m[Kâ€™ before â€˜[01m[KE_STEP[m[Kâ€™
[7.551s]    83 |     [01;31m[KE_STEP[m[K,
[7.551s]       |     [01;31m[K^~~~~~[m[K
[7.551s] [01m[K/home/wasim/r4s/src/eddie-ros/include/eddie-ros/eddie_ros.fsm.hpp:69:15:[m[K [01;36m[Knote: [m[Kto match this â€˜[01m[K{[m[Kâ€™
[7.551s]    69 | enum e_events [01;36m[K{[m[K
[7.551s]       |               [01;36m[K^[m[K
[7.552s] [01m[K/home/wasim/r4s/src/eddie-ros/include/eddie-ros/eddie_ros.fsm.hpp:85:1:[m[K [01;31m[Kerror: [m[Kexpected initializer before â€˜[01m[K}[m[Kâ€™ token
[7.552s]    85 | [01;31m[K}[m[K;
[7.552s]       | [01;31m[K^[m[K
[7.552s] [01m[K/home/wasim/r4s/src/eddie-ros/include/eddie-ros/eddie_ros.fsm.hpp:85:1:[m[K [01;31m[Kerror: [m[Kexpected declaration before â€˜[01m[K}[m[Kâ€™ token
[7.552s] [01m[K/home/wasim/r4s/src/eddie-ros/include/eddie-ros/eddie_ros.fsm.hpp:100:5:[m[K [01;31m[Kerror: [m[Kexpected â€˜[01m[K}[m[Kâ€™ before â€˜[01m[KNUM_TRANSITIONS[m[Kâ€™
[7.552s]   100 |     [01;31m[KNUM_TRANSITIONS[m[K
[7.552s]       |     [01;31m[K^~~~~~~~~~~~~~~[m[K
[7.552s] [01m[K/home/wasim/r4s/src/eddie-ros/include/eddie-ros/eddie_ros.fsm.hpp:88:20:[m[K [01;36m[Knote: [m[Kto match this â€˜[01m[K{[m[Kâ€™
[7.552s]    88 | enum e_transitions [01;36m[K{[m[K
[7.552s]       |                    [01;36m[K^[m[K
[7.552s] [01m[K/home/wasim/r4s/src/eddie-ros/include/eddie-ros/eddie_ros.fsm.hpp:101:1:[m[K [01;31m[Kerror: [m[Kexpected initializer before â€˜[01m[K}[m[Kâ€™ token
[7.553s]   101 | [01;31m[K}[m[K;
[7.553s]       | [01;31m[K^[m[K
[7.553s] [01m[K/home/wasim/r4s/src/eddie-ros/include/eddie-ros/eddie_ros.fsm.hpp:101:1:[m[K [01;31m[Kerror: [m[Kexpected declaration before â€˜[01m[K}[m[Kâ€™ token
[7.553s] In file included from [01m[K/home/wasim/r4s/src/eddie-ros/include/eddie-ros/interface.hpp:40[m[K,
[7.553s]                  from [01m[K/home/wasim/r4s/src/eddie-ros/src/interface.cpp:7[m[K:
[7.553s] [01m[K/home/wasim/r4s/src/eddie-ros/include/eddie-ros/eddie_ros.fsm.hpp:83:5:[m[K [01;31m[Kerror: [m[Kexpected â€˜[01m[K}[m[Kâ€™ before â€˜[01m[KE_STEP[m[Kâ€™
[7.553s]    83 |     [01;31m[KE_STEP[m[K,
[7.553s]       |     [01;31m[K^~~~~~[m[K
[7.553s] [01m[K/home/wasim/r4s/src/eddie-ros/include/eddie-ros/eddie_ros.fsm.hpp:69:15:[m[K [01;36m[Knote: [m[Kto match this â€˜[01m[K{[m[Kâ€™
[7.553s]    69 | enum e_events [01;36m[K{[m[K
[7.553s]       |               [01;36m[K^[m[K
[7.553s] [01m[K/home/wasim/r4s/src/eddie-ros/include/eddie-ros/eddie_ros.fsm.hpp:85:1:[m[K [01;31m[Kerror: [m[Kexpected initializer before â€˜[01m[K}[m[Kâ€™ token
[7.554s]    85 | [01;31m[K}[m[K;
[7.554s]       | [01;31m[K^[m[K
[7.554s] [01m[K/home/wasim/r4s/src/eddie-ros/include/eddie-ros/eddie_ros.fsm.hpp:85:1:[m[K [01;31m[Kerror: [m[Kexpected declaration before â€˜[01m[K}[m[Kâ€™ token
[7.554s] [01m[K/home/wasim/r4s/src/eddie-ros/include/eddie-ros/eddie_ros.fsm.hpp:100:5:[m[K [01;31m[Kerror: [m[Kexpected â€˜[01m[K}[m[Kâ€™ before â€˜[01m[KNUM_TRANSITIONS[m[Kâ€™
[7.554s]   100 |     [01;31m[KNUM_TRANSITIONS[m[K
[7.554s]       |     [01;31m[K^~~~~~~~~~~~~~~[m[K
[7.554s] [01m[K/home/wasim/r4s/src/eddie-ros/include/eddie-ros/eddie_ros.fsm.hpp:88:20:[m[K [01;36m[Knote: [m[Kto match this â€˜[01m[K{[m[Kâ€™
[7.554s]    88 | enum e_transitions [01;36m[K{[m[K
[7.554s]       |                    [01;36m[K^[m[K
[7.554s] [01m[K/home/wasim/r4s/src/eddie-ros/include/eddie-ros/eddie_ros.fsm.hpp:101:1:[m[K [01;31m[Kerror: [m[Kexpected initializer before â€˜[01m[K}[m[Kâ€™ token
[7.554s]   101 | [01;31m[K}[m[K;
[7.554s]       | [01;31m[K^[m[K
[7.554s] [01m[K/home/wasim/r4s/src/eddie-ros/include/eddie-ros/eddie_ros.fsm.hpp:101:1:[m[K [01;31m[Kerror: [m[Kexpected declaration before â€˜[01m[K}[m[Kâ€™ token
[7.560s] [01m[K/home/wasim/r4s/src/eddie-ros/include/eddie-ros/eddie_ros.fsm.hpp:128:38:[m[K [01;31m[Kerror: [m[Kâ€˜[01m[KNUM_TRANSITIONS[m[Kâ€™ was not declared in this scope; did you mean â€˜[01m[KNUM_REACTIONS[m[Kâ€™?
[7.560s]   128 | inline struct transition transitions[[01;31m[KNUM_TRANSITIONS[m[K] = {
[7.560s]       |                                      [01;31m[K^~~~~~~~~~~~~~~[m[K
[7.561s]       |                                      [32m[KNUM_REACTIONS[m[K
[7.561s] [01m[K/home/wasim/r4s/src/eddie-ros/include/eddie-ros/eddie_ros.fsm.hpp:253:1:[m[K [01;31m[Kerror: [m[Ktoo many initializers for â€˜[01m[Kevent_reaction [7][m[Kâ€™
[7.561s]   253 | [01;31m[K}[m[K;
[7.561s]       | [01;31m[K^[m[K
[7.561s] [01m[K/home/wasim/r4s/src/eddie-ros/include/eddie-ros/eddie_ros.fsm.hpp:128:38:[m[K [01;31m[Kerror: [m[Kâ€˜[01m[KNUM_TRANSITIONS[m[Kâ€™ was not declared in this scope; did you mean â€˜[01m[KNUM_REACTIONS[m[Kâ€™?
[7.561s]   128 | inline struct transition transitions[[01;31m[KNUM_TRANSITIONS[m[K] = {
[7.561s]       |                                      [01;31m[K^~~~~~~~~~~~~~~[m[K
[7.561s]       |                                      [32m[KNUM_REACTIONS[m[K
[7.562s] [01m[K/home/wasim/r4s/src/eddie-ros/include/eddie-ros/eddie_ros.fsm.hpp:253:1:[m[K [01;31m[Kerror: [m[Ktoo many initializers for â€˜[01m[Kevent_reaction [7][m[Kâ€™
[7.562s]   253 | [01;31m[K}[m[K;
[7.562s]       | [01;31m[K^[m[K
[7.568s] [01m[K/home/wasim/r4s/src/eddie-ros/include/eddie-ros/eddie_ros.fsm.hpp:257:18:[m[K [01;31m[Kerror: [m[Kâ€˜[01m[KNUM_EVENTS[m[Kâ€™ was not declared in this scope; did you mean â€˜[01m[KNUM_JOINTS[m[Kâ€™?
[7.568s]   257 |     .numEvents = [01;31m[KNUM_EVENTS[m[K,
[7.568s]       |                  [01;31m[K^~~~~~~~~~[m[K
[7.568s]       |                  [32m[KNUM_JOINTS[m[K
[7.569s] [01m[K/home/wasim/r4s/src/eddie-ros/include/eddie-ros/eddie_ros.fsm.hpp:257:18:[m[K [01;31m[Kerror: [m[Kâ€˜[01m[KNUM_EVENTS[m[Kâ€™ was not declared in this scope; did you mean â€˜[01m[KNUM_JOINTS[m[Kâ€™?
[7.569s]   257 |     .numEvents = [01;31m[KNUM_EVENTS[m[K,
[7.569s]       |                  [01;31m[K^~~~~~~~~~[m[K
[7.569s]       |                  [32m[KNUM_JOINTS[m[K
[7.575s] [01m[K/home/wasim/r4s/src/eddie-ros/include/eddie-ros/eddie_ros.fsm.hpp:258:32:[m[K [01;31m[Kerror: [m[Kâ€˜[01m[KNUM_EVENTS[m[Kâ€™ was not declared in this scope; did you mean â€˜[01m[KNUM_JOINTS[m[Kâ€™?
[7.575s]   258 |     .currentEvents = new _Bool[[01;31m[KNUM_EVENTS[m[K]{false},
[7.575s]       |                                [01;31m[K^~~~~~~~~~[m[K
[7.575s]       |                                [32m[KNUM_JOINTS[m[K
[7.576s] [01m[K/home/wasim/r4s/src/eddie-ros/include/eddie-ros/eddie_ros.fsm.hpp:258:32:[m[K [01;31m[Kerror: [m[Kâ€˜[01m[KNUM_EVENTS[m[Kâ€™ was not declared in this scope; did you mean â€˜[01m[KNUM_JOINTS[m[Kâ€™?
[7.576s]   258 |     .currentEvents = new _Bool[[01;31m[KNUM_EVENTS[m[K]{false},
[7.576s]       |                                [01;31m[K^~~~~~~~~~[m[K
[7.576s]       |                                [32m[KNUM_JOINTS[m[K
[7.583s] [01m[K/home/wasim/r4s/src/eddie-ros/include/eddie-ros/eddie_ros.fsm.hpp:259:31:[m[K [01;31m[Kerror: [m[Kâ€˜[01m[KNUM_EVENTS[m[Kâ€™ was not declared in this scope; did you mean â€˜[01m[KNUM_JOINTS[m[Kâ€™?
[7.583s]   259 |     .futureEvents = new _Bool[[01;31m[KNUM_EVENTS[m[K]{false},
[7.583s]       |                               [01;31m[K^~~~~~~~~~[m[K
[7.583s]       |                               [32m[KNUM_JOINTS[m[K
[7.584s] [01m[K/home/wasim/r4s/src/eddie-ros/include/eddie-ros/eddie_ros.fsm.hpp:259:31:[m[K [01;31m[Kerror: [m[Kâ€˜[01m[KNUM_EVENTS[m[Kâ€™ was not declared in this scope; did you mean â€˜[01m[KNUM_JOINTS[m[Kâ€™?
[7.584s]   259 |     .futureEvents = new _Bool[[01;31m[KNUM_EVENTS[m[K]{false},
[7.584s]       |                               [01;31m[K^~~~~~~~~~[m[K
[7.584s]       |                               [32m[KNUM_JOINTS[m[K
[7.590s] In file included from [01m[K/home/wasim/r4s/src/eddie-ros/include/eddie-ros/interface.hpp:40[m[K,
[7.590s]                  from [01m[K/home/wasim/r4s/src/eddie-ros/src/interface-test.cpp:7[m[K:
[7.591s] [01m[K/home/wasim/r4s/src/eddie-ros/include/eddie-ros/eddie_ros.fsm.hpp:83:5:[m[K [01;31m[Kerror: [m[Kexpected â€˜[01m[K}[m[Kâ€™ before â€˜[01m[KE_STEP[m[Kâ€™
[7.591s]    83 |     [01;31m[KE_STEP[m[K,
[7.591s]       |     [01;31m[K^~~~~~[m[K
[7.591s] [01m[K/home/wasim/r4s/src/eddie-ros/include/eddie-ros/eddie_ros.fsm.hpp:69:15:[m[K [01;36m[Knote: [m[Kto match this â€˜[01m[K{[m[Kâ€™
[7.591s]    69 | enum e_events [01;36m[K{[m[K
[7.591s]       |               [01;36m[K^[m[K
[7.591s] [01m[K/home/wasim/r4s/src/eddie-ros/include/eddie-ros/eddie_ros.fsm.hpp:85:1:[m[K [01;31m[Kerror: [m[Kexpected initializer before â€˜[01m[K}[m[Kâ€™ token
[7.592s]    85 | [01;31m[K}[m[K;
[7.592s]       | [01;31m[K^[m[K
[7.592s] [01m[K/home/wasim/r4s/src/eddie-ros/include/eddie-ros/eddie_ros.fsm.hpp:85:1:[m[K [01;31m[Kerror: [m[Kexpected declaration before â€˜[01m[K}[m[Kâ€™ token
[7.592s] [01m[K/home/wasim/r4s/src/eddie-ros/include/eddie-ros/eddie_ros.fsm.hpp:100:5:[m[K [01;31m[Kerror: [m[Kexpected â€˜[01m[K}[m[Kâ€™ before â€˜[01m[KNUM_TRANSITIONS[m[Kâ€™
[7.592s]   100 |     [01;31m[KNUM_TRANSITIONS[m[K
[7.592s]       |     [01;31m[K^~~~~~~~~~~~~~~[m[K
[7.593s] [01m[K/home/wasim/r4s/src/eddie-ros/include/eddie-ros/eddie_ros.fsm.hpp:88:20:[m[K [01;36m[Knote: [m[Kto match this â€˜[01m[K{[m[Kâ€™
[7.593s]    88 | enum e_transitions [01;36m[K{[m[K
[7.593s]       |                    [01;36m[K^[m[K
[7.593s] [01m[K/home/wasim/r4s/src/eddie-ros/include/eddie-ros/eddie_ros.fsm.hpp:101:1:[m[K [01;31m[Kerror: [m[Kexpected initializer before â€˜[01m[K}[m[Kâ€™ token
[7.593s]   101 | [01;31m[K}[m[K;
[7.593s]       | [01;31m[K^[m[K
[7.594s] [01m[K/home/wasim/r4s/src/eddie-ros/include/eddie-ros/eddie_ros.fsm.hpp:101:1:[m[K [01;31m[Kerror: [m[Kexpected declaration before â€˜[01m[K}[m[Kâ€™ token
[7.594s] [01m[K/home/wasim/r4s/src/eddie-ros/include/eddie-ros/eddie_ros.fsm.hpp:265:23:[m[K [01;31m[Kerror: [m[Kâ€˜[01m[KNUM_TRANSITIONS[m[Kâ€™ was not declared in this scope; did you mean â€˜[01m[KNUM_REACTIONS[m[Kâ€™?
[7.594s]   265 |     .numTransitions = [01;31m[KNUM_TRANSITIONS[m[K,
[7.594s]       |                       [01;31m[K^~~~~~~~~~~~~~~[m[K
[7.595s]       |                       [32m[KNUM_REACTIONS[m[K
[7.595s] [01m[K/home/wasim/r4s/src/eddie-ros/include/eddie-ros/eddie_ros.fsm.hpp:265:23:[m[K [01;31m[Kerror: [m[Kâ€˜[01m[KNUM_TRANSITIONS[m[Kâ€™ was not declared in this scope; did you mean â€˜[01m[KNUM_REACTIONS[m[Kâ€™?
[7.595s]   265 |     .numTransitions = [01;31m[KNUM_TRANSITIONS[m[K,
[7.595s]       |                       [01;31m[K^~~~~~~~~~~~~~~[m[K
[7.595s]       |                       [32m[KNUM_REACTIONS[m[K
[7.601s] [01m[K/home/wasim/r4s/src/eddie-ros/include/eddie-ros/eddie_ros.fsm.hpp:275:20:[m[K [01;31m[Kerror: [m[Kâ€˜[01m[Ktransitions[m[Kâ€™ was not declared in this scope; did you mean â€˜[01m[Ktransition[m[Kâ€™?
[7.601s]   275 |     .transitions = [01;31m[Ktransitions[m[K,
[7.601s]       |                    [01;31m[K^~~~~~~~~~~[m[K
[7.602s]       |                    [32m[Ktransition[m[K
[7.602s] [01m[K/home/wasim/r4s/src/eddie-ros/include/eddie-ros/eddie_ros.fsm.hpp:128:38:[m[K [01;31m[Kerror: [m[Kâ€˜[01m[KNUM_TRANSITIONS[m[Kâ€™ was not declared in this scope; did you mean â€˜[01m[KNUM_REACTIONS[m[Kâ€™?
[7.602s]   128 | inline struct transition transitions[[01;31m[KNUM_TRANSITIONS[m[K] = {
[7.602s]       |                                      [01;31m[K^~~~~~~~~~~~~~~[m[K
[7.602s]       |                                      [32m[KNUM_REACTIONS[m[K
[7.602s] [01m[K/home/wasim/r4s/src/eddie-ros/include/eddie-ros/eddie_ros.fsm.hpp:275:20:[m[K [01;31m[Kerror: [m[Kâ€˜[01m[Ktransitions[m[Kâ€™ was not declared in this scope; did you mean â€˜[01m[Ktransition[m[Kâ€™?
[7.602s]   275 |     .transitions = [01;31m[Ktransitions[m[K,
[7.602s]       |                    [01;31m[K^~~~~~~~~~~[m[K
[7.602s]       |                    [32m[Ktransition[m[K
[7.602s] [01m[K/home/wasim/r4s/src/eddie-ros/include/eddie-ros/eddie_ros.fsm.hpp:253:1:[m[K [01;31m[Kerror: [m[Ktoo many initializers for â€˜[01m[Kevent_reaction [7][m[Kâ€™
[7.603s]   253 | [01;31m[K}[m[K;
[7.603s]       | [01;31m[K^[m[K
[7.610s] [01m[K/home/wasim/r4s/src/eddie-ros/include/eddie-ros/eddie_ros.fsm.hpp:257:18:[m[K [01;31m[Kerror: [m[Kâ€˜[01m[KNUM_EVENTS[m[Kâ€™ was not declared in this scope; did you mean â€˜[01m[KNUM_JOINTS[m[Kâ€™?
[7.610s]   257 |     .numEvents = [01;31m[KNUM_EVENTS[m[K,
[7.610s]       |                  [01;31m[K^~~~~~~~~~[m[K
[7.610s]       |                  [32m[KNUM_JOINTS[m[K
[7.611s] [01m[K/home/wasim/r4s/src/eddie-ros/src/interface.cpp:[m[K In function â€˜[01m[Kvoid[01;32m[K sigint_handler[m[K(int)[m[Kâ€™:
[7.611s] [01m[K/home/wasim/r4s/src/eddie-ros/src/interface.cpp:20:25:[m[K [01;35m[Kwarning: [m[Kunused parameter â€˜[01m[Ksignum[m[Kâ€™ [[01;35m[K]8;;https://gcc.gnu.org/onlinedocs/gcc/Warning-Options.html#index-Wunused-parameter-Wunused-parameter]8;;[m[K]
[7.611s]    20 | void sigint_handler([01;35m[Kint signum[m[K) { keep_running = 0; }
[7.611s]       |                     [01;35m[K~~~~^~~~~~[m[K
[7.617s] [01m[K/home/wasim/r4s/src/eddie-ros/include/eddie-ros/eddie_ros.fsm.hpp:258:32:[m[K [01;31m[Kerror: [m[Kâ€˜[01m[KNUM_EVENTS[m[Kâ€™ was not declared in this scope; did you mean â€˜[01m[KNUM_JOINTS[m[Kâ€™?
[7.617s]   258 |     .currentEvents = new _Bool[[01;31m[KNUM_EVENTS[m[K]{false},
[7.617s]       |                                [01;31m[K^~~~~~~~~~[m[K
[7.617s]       |                                [32m[KNUM_JOINTS[m[K
[7.621s] [01m[K/home/wasim/r4s/src/eddie-ros/src/interface.cpp:[m[K In constructor â€˜[01m[KEddieRosInterface::[01;32m[KEddieRosInterface[m[K(const rclcpp::NodeOptions&)[m[Kâ€™:
[7.621s] [01m[K/home/wasim/r4s/src/eddie-ros/src/interface.cpp:185:9:[m[K [01;35m[Kwarning: [m[Kunused variable â€˜[01m[Kgripper_wait_counter[m[Kâ€™ [[01;35m[K]8;;https://gcc.gnu.org/onlinedocs/gcc/Warning-Options.html#index-Wunused-variable-Wunused-variable]8;;[m[K]
[7.622s]   185 |     int [01;35m[Kgripper_wait_counter[m[K = 0;
[7.622s]       |         [01;35m[K^~~~~~~~~~~~~~~~~~~~[m[K
[7.622s] [01m[K/home/wasim/r4s/src/eddie-ros/src/interface.cpp:186:15:[m[K [01;35m[Kwarning: [m[Kunused variable â€˜[01m[KGRIPPER_WAIT_CYCLES[m[Kâ€™ [[01;35m[K]8;;https://gcc.gnu.org/onlinedocs/gcc/Warning-Options.html#index-Wunused-variable-Wunused-variable]8;;[m[K]
[7.622s]   186 |     const int [01;35m[KGRIPPER_WAIT_CYCLES[m[K = 1000;  // 300 cycles at 1kHz = 300 ms
[7.622s]       |               [01;35m[K^~~~~~~~~~~~~~~~~~~[m[K
[7.624s] [01m[K/home/wasim/r4s/src/eddie-ros/include/eddie-ros/eddie_ros.fsm.hpp:259:31:[m[K [01;31m[Kerror: [m[Kâ€˜[01m[KNUM_EVENTS[m[Kâ€™ was not declared in this scope; did you mean â€˜[01m[KNUM_JOINTS[m[Kâ€™?
[7.624s]   259 |     .futureEvents = new _Bool[[01;31m[KNUM_EVENTS[m[K]{false},
[7.624s]       |                               [01;31m[K^~~~~~~~~~[m[K
[7.625s]       |                               [32m[KNUM_JOINTS[m[K
[7.625s] In file included from [01m[K/home/wasim/r4s/src/eddie-ros/include/eddie-ros/interface.hpp:40[m[K,
[7.625s]                  from [01m[K/home/wasim/r4s/src/eddie-ros/src/interface-parameters.cpp:7[m[K:
[7.625s] [01m[K/home/wasim/r4s/src/eddie-ros/include/eddie-ros/eddie_ros.fsm.hpp:83:5:[m[K [01;31m[Kerror: [m[Kexpected â€˜[01m[K}[m[Kâ€™ before â€˜[01m[KE_STEP[m[Kâ€™
[7.625s]    83 |     [01;31m[KE_STEP[m[K,
[7.626s]       |     [01;31m[K^~~~~~[m[K
[7.626s] [01m[K/home/wasim/r4s/src/eddie-ros/include/eddie-ros/eddie_ros.fsm.hpp:69:15:[m[K [01;36m[Knote: [m[Kto match this â€˜[01m[K{[m[Kâ€™
[7.626s]    69 | enum e_events [01;36m[K{[m[K
[7.626s]       |               [01;36m[K^[m[K
[7.626s] [01m[K/home/wasim/r4s/src/eddie-ros/include/eddie-ros/eddie_ros.fsm.hpp:85:1:[m[K [01;31m[Kerror: [m[Kexpected initializer before â€˜[01m[K}[m[Kâ€™ token
[7.626s]    85 | [01;31m[K}[m[K;
[7.626s]       | [01;31m[K^[m[K
[7.626s] [01m[K/home/wasim/r4s/src/eddie-ros/include/eddie-ros/eddie_ros.fsm.hpp:85:1:[m[K [01;31m[Kerror: [m[Kexpected declaration before â€˜[01m[K}[m[Kâ€™ token
[7.626s] [01m[K/home/wasim/r4s/src/eddie-ros/include/eddie-ros/eddie_ros.fsm.hpp:100:5:[m[K [01;31m[Kerror: [m[Kexpected â€˜[01m[K}[m[Kâ€™ before â€˜[01m[KNUM_TRANSITIONS[m[Kâ€™
[7.626s]   100 |     [01;31m[KNUM_TRANSITIONS[m[K
[7.626s]       |     [01;31m[K^~~~~~~~~~~~~~~[m[K
[7.626s] [01m[K/home/wasim/r4s/src/eddie-ros/include/eddie-ros/eddie_ros.fsm.hpp:88:20:[m[K [01;36m[Knote: [m[Kto match this â€˜[01m[K{[m[Kâ€™
[7.626s]    88 | enum e_transitions [01;36m[K{[m[K
[7.627s]       |                    [01;36m[K^[m[K
[7.627s] [01m[K/home/wasim/r4s/src/eddie-ros/include/eddie-ros/eddie_ros.fsm.hpp:101:1:[m[K [01;31m[Kerror: [m[Kexpected initializer before â€˜[01m[K}[m[Kâ€™ token
[7.627s]   101 | [01;31m[K}[m[K;
[7.627s]       | [01;31m[K^[m[K
[7.627s] [01m[K/home/wasim/r4s/src/eddie-ros/include/eddie-ros/eddie_ros.fsm.hpp:101:1:[m[K [01;31m[Kerror: [m[Kexpected declaration before â€˜[01m[K}[m[Kâ€™ token
[7.632s] [01m[K/home/wasim/r4s/src/eddie-ros/src/interface.cpp:[m[K In member function â€˜[01m[Kvoid EddieRosInterface::[01;32m[Kcompile[m[K(events*, const EddieState*)[m[Kâ€™:
[7.632s] [01m[K/home/wasim/r4s/src/eddie-ros/src/interface.cpp:489:70:[m[K [01;35m[Kwarning: [m[Kunused parameter â€˜[01m[Keddie_state[m[Kâ€™ [[01;35m[K]8;;https://gcc.gnu.org/onlinedocs/gcc/Warning-Options.html#index-Wunused-parameter-Wunused-parameter]8;;[m[K]
[7.632s]   489 | void EddieRosInterface::compile(events *eventData, [01;35m[Kconst EddieState *eddie_state[m[K) {
[7.632s]       |                                                    [01;35m[K~~~~~~~~~~~~~~~~~~^~~~~~~~~~~[m[K
[7.633s] [01m[K/home/wasim/r4s/src/eddie-ros/include/eddie-ros/eddie_ros.fsm.hpp:265:23:[m[K [01;31m[Kerror: [m[Kâ€˜[01m[KNUM_TRANSITIONS[m[Kâ€™ was not declared in this scope; did you mean â€˜[01m[KNUM_REACTIONS[m[Kâ€™?
[7.633s]   265 |     .numTransitions = [01;31m[KNUM_TRANSITIONS[m[K,
[7.633s]       |                       [01;31m[K^~~~~~~~~~~~~~~[m[K
[7.634s]       |                       [32m[KNUM_REACTIONS[m[K
[7.635s] [01m[K/home/wasim/r4s/src/eddie-ros/include/eddie-ros/eddie_ros.fsm.hpp:128:38:[m[K [01;31m[Kerror: [m[Kâ€˜[01m[KNUM_TRANSITIONS[m[Kâ€™ was not declared in this scope; did you mean â€˜[01m[KNUM_REACTIONS[m[Kâ€™?
[7.635s]   128 | inline struct transition transitions[[01;31m[KNUM_TRANSITIONS[m[K] = {
[7.635s]       |                                      [01;31m[K^~~~~~~~~~~~~~~[m[K
[7.635s]       |                                      [32m[KNUM_REACTIONS[m[K
[7.635s] [01m[K/home/wasim/r4s/src/eddie-ros/include/eddie-ros/eddie_ros.fsm.hpp:253:1:[m[K [01;31m[Kerror: [m[Ktoo many initializers for â€˜[01m[Kevent_reaction [7][m[Kâ€™
[7.635s]   253 | [01;31m[K}[m[K;
[7.635s]       | [01;31m[K^[m[K
[7.637s] [01m[K/home/wasim/r4s/src/eddie-ros/src/interface.cpp:[m[K In member function â€˜[01m[Kvoid EddieRosInterface::[01;32m[Kcompute_gravity_comp[m[K(events*, EddieState*)[m[Kâ€™:
[7.637s] [01m[K/home/wasim/r4s/src/eddie-ros/src/interface.cpp:494:54:[m[K [01;35m[Kwarning: [m[Kunused parameter â€˜[01m[KeventData[m[Kâ€™ [[01;35m[K]8;;https://gcc.gnu.org/onlinedocs/gcc/Warning-Options.html#index-Wunused-parameter-Wunused-parameter]8;;[m[K]
[7.637s]   494 | void EddieRosInterface::compute_gravity_comp([01;35m[Kevents *eventData[m[K, EddieState *eddie_state) {
[7.637s]       |                                              [01;35m[K~~~~~~~~^~~~~~~~~[m[K
[7.639s] [01m[K/home/wasim/r4s/src/eddie-ros/include/eddie-ros/eddie_ros.fsm.hpp:275:20:[m[K [01;31m[Kerror: [m[Kâ€˜[01m[Ktransitions[m[Kâ€™ was not declared in this scope; did you mean â€˜[01m[Ktransition[m[Kâ€™?
[7.639s]   275 |     .transitions = [01;31m[Ktransitions[m[K,
[7.639s]       |                    [01;31m[K^~~~~~~~~~~[m[K
[7.639s]       |                    [32m[Ktransition[m[K
[7.642s] [01m[K/home/wasim/r4s/src/eddie-ros/include/eddie-ros/eddie_ros.fsm.hpp:257:18:[m[K [01;31m[Kerror: [m[Kâ€˜[01m[KNUM_EVENTS[m[Kâ€™ was not declared in this scope; did you mean â€˜[01m[KNUM_JOINTS[m[Kâ€™?
[7.643s]   257 |     .numEvents = [01;31m[KNUM_EVENTS[m[K,
[7.643s]       |                  [01;31m[K^~~~~~~~~~[m[K
[7.643s]       |                  [32m[KNUM_JOINTS[m[K
[7.643s] [01m[K/home/wasim/r4s/src/eddie-ros/src/interface.cpp:[m[K In member function â€˜[01m[Kvoid EddieRosInterface::[01;32m[Kcompute_cartesian_ctrl[m[K(events*, EddieState*)[m[Kâ€™:
[7.643s] [01m[K/home/wasim/r4s/src/eddie-ros/src/interface.cpp:548:56:[m[K [01;35m[Kwarning: [m[Kunused parameter â€˜[01m[KeventData[m[Kâ€™ [[01;35m[K]8;;https://gcc.gnu.org/onlinedocs/gcc/Warning-Options.html#index-Wunused-parameter-Wunused-parameter]8;;[m[K]
[7.643s]   548 | void EddieRosInterface::compute_cartesian_ctrl([01;35m[Kevents *eventData[m[K, EddieState *eddie_state) {
[7.643s]       |                                                [01;35m[K~~~~~~~~^~~~~~~~~[m[K
[7.648s] [01m[K/home/wasim/r4s/src/eddie-ros/src/interface-test.cpp:[m[K In function â€˜[01m[Kvoid[01;32m[K sigint_handler[m[K(int)[m[Kâ€™:
[7.649s] [01m[K/home/wasim/r4s/src/eddie-ros/src/interface-test.cpp:20:25:[m[K [01;35m[Kwarning: [m[Kunused parameter â€˜[01m[Ksignum[m[Kâ€™ [[01;35m[K]8;;https://gcc.gnu.org/onlinedocs/gcc/Warning-Options.html#index-Wunused-parameter-Wunused-parameter]8;;[m[K]
[7.649s]    20 | void sigint_handler([01;35m[Kint signum[m[K) { keep_running = 0; }
[7.649s]       |                     [01;35m[K~~~~^~~~~~[m[K
[7.649s] [01m[K/home/wasim/r4s/src/eddie-ros/include/eddie-ros/eddie_ros.fsm.hpp:258:32:[m[K [01;31m[Kerror: [m[Kâ€˜[01m[KNUM_EVENTS[m[Kâ€™ was not declared in this scope; did you mean â€˜[01m[KNUM_JOINTS[m[Kâ€™?
[7.650s]   258 |     .currentEvents = new _Bool[[01;31m[KNUM_EVENTS[m[K]{false},
[7.650s]       |                                [01;31m[K^~~~~~~~~~[m[K
[7.650s]       |                                [32m[KNUM_JOINTS[m[K
[7.656s] [01m[K/home/wasim/r4s/src/eddie-ros/include/eddie-ros/eddie_ros.fsm.hpp:259:31:[m[K [01;31m[Kerror: [m[Kâ€˜[01m[KNUM_EVENTS[m[Kâ€™ was not declared in this scope; did you mean â€˜[01m[KNUM_JOINTS[m[Kâ€™?
[7.657s]   259 |     .futureEvents = new _Bool[[01;31m[KNUM_EVENTS[m[K]{false},
[7.657s]       |                               [01;31m[K^~~~~~~~~~[m[K
[7.657s]       |                               [32m[KNUM_JOINTS[m[K
[7.663s] [01m[K/home/wasim/r4s/src/eddie-ros/src/interface.cpp:[m[K In member function â€˜[01m[Kvoid EddieRosInterface::[01;32m[Kfsm_behavior[m[K(events*, EddieState*)[m[Kâ€™:
[7.663s] [01m[K/home/wasim/r4s/src/eddie-ros/src/interface.cpp:755:9:[m[K [01;31m[Kerror: [m[Kâ€˜[01m[Kgripper_wait_counter[m[Kâ€™ was not declared in this scope
[7.663s]   755 |         [01;31m[Kgripper_wait_counter[m[K = 0;     // Reset wait counter
[7.663s]       |         [01;31m[K^~~~~~~~~~~~~~~~~~~~[m[K
[7.665s] [01m[K/home/wasim/r4s/src/eddie-ros/include/eddie-ros/eddie_ros.fsm.hpp:265:23:[m[K [01;31m[Kerror: [m[Kâ€˜[01m[KNUM_TRANSITIONS[m[Kâ€™ was not declared in this scope; did you mean â€˜[01m[KNUM_REACTIONS[m[Kâ€™?
[7.665s]   265 |     .numTransitions = [01;31m[KNUM_TRANSITIONS[m[K,
[7.665s]       |                       [01;31m[K^~~~~~~~~~~~~~~[m[K
[7.665s]       |                       [32m[KNUM_REACTIONS[m[K
[7.665s] [01m[K/home/wasim/r4s/src/eddie-ros/src/interface-test.cpp:[m[K In member function â€˜[01m[Kvoid EddieRosInterface::[01;32m[Kcompile[m[K(events*, const EddieState*)[m[Kâ€™:
[7.666s] [01m[K/home/wasim/r4s/src/eddie-ros/src/interface-test.cpp:352:70:[m[K [01;35m[Kwarning: [m[Kunused parameter â€˜[01m[Keddie_state[m[Kâ€™ [[01;35m[K]8;;https://gcc.gnu.org/onlinedocs/gcc/Warning-Options.html#index-Wunused-parameter-Wunused-parameter]8;;[m[K]
[7.666s]   352 | void EddieRosInterface::compile(events *eventData, [01;35m[Kconst EddieState *eddie_state[m[K) {
[7.666s]       |                                                    [01;35m[K~~~~~~~~~~~~~~~~~~^~~~~~~~~~~[m[K
[7.668s] [01m[K/home/wasim/r4s/src/eddie-ros/src/interface-test.cpp:[m[K In member function â€˜[01m[Kvoid EddieRosInterface::[01;32m[Kcompute_gravity_comp[m[K(events*, EddieState*)[m[Kâ€™:
[7.668s] [01m[K/home/wasim/r4s/src/eddie-ros/src/interface-test.cpp:358:54:[m[K [01;35m[Kwarning: [m[Kunused parameter â€˜[01m[KeventData[m[Kâ€™ [[01;35m[K]8;;https://gcc.gnu.org/onlinedocs/gcc/Warning-Options.html#index-Wunused-parameter-Wunused-parameter]8;;[m[K]
[7.668s]   358 | void EddieRosInterface::compute_gravity_comp([01;35m[Kevents *eventData[m[K, EddieState *eddie_state) {
[7.668s]       |                                              [01;35m[K~~~~~~~~^~~~~~~~~[m[K
[7.671s] [01m[K/home/wasim/r4s/src/eddie-ros/include/eddie-ros/eddie_ros.fsm.hpp:275:20:[m[K [01;31m[Kerror: [m[Kâ€˜[01m[Ktransitions[m[Kâ€™ was not declared in this scope; did you mean â€˜[01m[Ktransition[m[Kâ€™?
[7.671s]   275 |     .transitions = [01;31m[Ktransitions[m[K,
[7.671s]       |                    [01;31m[K^~~~~~~~~~~[m[K
[7.671s]       |                    [32m[Ktransition[m[K
[7.671s] [01m[K/home/wasim/r4s/src/eddie-ros/src/interface-test.cpp:[m[K In member function â€˜[01m[Kvoid EddieRosInterface::[01;32m[Kcompute_cartesian_ctrl[m[K(events*, EddieState*)[m[Kâ€™:
[7.671s] [01m[K/home/wasim/r4s/src/eddie-ros/src/interface-test.cpp:390:56:[m[K [01;35m[Kwarning: [m[Kunused parameter â€˜[01m[KeventData[m[Kâ€™ [[01;35m[K]8;;https://gcc.gnu.org/onlinedocs/gcc/Warning-Options.html#index-Wunused-parameter-Wunused-parameter]8;;[m[K]
[7.671s]   390 | void EddieRosInterface::compute_cartesian_ctrl([01;35m[Kevents *eventData[m[K, EddieState *eddie_state) {
[7.672s]       |                                                [01;35m[K~~~~~~~~^~~~~~~~~[m[K
[7.680s] [01m[K/home/wasim/r4s/src/eddie-ros/src/interface.cpp:759:9:[m[K [01;31m[Kerror: [m[Kâ€˜[01m[Kgripper_wait_counter[m[Kâ€™ was not declared in this scope
[7.680s]   759 |         [01;31m[Kgripper_wait_counter[m[K++;
[7.680s]       |         [01;31m[K^~~~~~~~~~~~~~~~~~~~[m[K
[7.697s] [01m[K/home/wasim/r4s/src/eddie-ros/src/interface.cpp:760:37:[m[K [01;31m[Kerror: [m[Kâ€˜[01m[KGRIPPER_WAIT_CYCLES[m[Kâ€™ was not declared in this scope
[7.698s]   760 |         if (gripper_wait_counter >= [01;31m[KGRIPPER_WAIT_CYCLES[m[K) {
[7.698s]       |                                     [01;31m[K^~~~~~~~~~~~~~~~~~~[m[K
[7.715s] [01m[K/home/wasim/r4s/src/eddie-ros/src/interface.cpp:772:9:[m[K [01;31m[Kerror: [m[Kâ€˜[01m[Kgripper_wait_counter[m[Kâ€™ was not declared in this scope
[7.715s]   772 |         [01;31m[Kgripper_wait_counter[m[K = 0;
[7.715s]       |         [01;31m[K^~~~~~~~~~~~~~~~~~~~[m[K
[7.728s] [01m[K/home/wasim/r4s/src/eddie-ros/src/interface.cpp:775:34:[m[K [01;31m[Kerror: [m[Kâ€˜[01m[KE_CLOSE_GRIPPER_WAIT[m[Kâ€™ was not declared in this scope; did you mean â€˜[01m[KE_OPEN_GRIPPER_WAIT[m[Kâ€™?
[7.729s]   775 |     if (consume_event(eventData, [01;31m[KE_CLOSE_GRIPPER_WAIT[m[K)) {
[7.729s]       |                                  [01;31m[K^~~~~~~~~~~~~~~~~~~~[m[K
[7.729s]       |                                  [32m[KE_OPEN_GRIPPER_WAIT[m[K
[7.745s] [01m[K/home/wasim/r4s/src/eddie-ros/src/interface.cpp:776:9:[m[K [01;31m[Kerror: [m[Kâ€˜[01m[Kgripper_wait_counter[m[Kâ€™ was not declared in this scope
[7.745s]   776 |         [01;31m[Kgripper_wait_counter[m[K++;
[7.745s]       |         [01;31m[K^~~~~~~~~~~~~~~~~~~~[m[K
[7.761s] [01m[K/home/wasim/r4s/src/eddie-ros/src/interface.cpp:777:37:[m[K [01;31m[Kerror: [m[Kâ€˜[01m[KGRIPPER_WAIT_CYCLES[m[Kâ€™ was not declared in this scope
[7.761s]   777 |         if (gripper_wait_counter >= [01;31m[KGRIPPER_WAIT_CYCLES[m[K) {
[7.761s]       |                                     [01;31m[K^~~~~~~~~~~~~~~~~~~[m[K
[9.331s] gmake[2]: *** [CMakeFiles/eddie_ros_interface_test.dir/build.make:90: CMakeFiles/eddie_ros_interface_test.dir/src/interface-parameters.cpp.o] Error 1
[9.331s] gmake[2]: *** Waiting for unfinished jobs....
[9.384s] gmake[2]: *** [CMakeFiles/eddie_ros_interface.dir/build.make:90: CMakeFiles/eddie_ros_interface.dir/src/interface-parameters.cpp.o] Error 1
[9.384s] gmake[2]: *** Waiting for unfinished jobs....
[9.408s] gmake[2]: *** [CMakeFiles/eddie_ros_interface_test.dir/build.make:76: CMakeFiles/eddie_ros_interface_test.dir/src/interface-test.cpp.o] Error 1
[9.408s] gmake[1]: *** [CMakeFiles/Makefile2:165: CMakeFiles/eddie_ros_interface_test.dir/all] Error 2
[9.409s] gmake[1]: *** Waiting for unfinished jobs....
[9.466s] gmake[2]: *** [CMakeFiles/eddie_ros_interface.dir/build.make:76: CMakeFiles/eddie_ros_interface.dir/src/interface.cpp.o] Error 1
[9.466s] gmake[1]: *** [CMakeFiles/Makefile2:139: CMakeFiles/eddie_ros_interface.dir/all] Error 2
[9.467s] gmake: *** [Makefile:146: all] Error 2
[9.469s] Invoked command in '/home/wasim/r4s/build/eddie-ros' returned '2': CMAKE_PREFIX_PATH=/home/wasim/r4s/install/robif2b:/home/wasim/r4s/install/orocos_kdl:/home/wasim/r4s/install/coord2b:/home/wasim/r4s/install/eddie-ros:/home/wasim/r4s/install/kinova_vision:/opt/ros/jazzy/opt/gz_sim_vendor:/opt/ros/jazzy/opt/gz_sensors_vendor:/opt/ros/jazzy/opt/gz_physics_vendor:/opt/ros/jazzy/opt/sdformat_vendor:/opt/ros/jazzy/opt/gz_gui_vendor:/opt/ros/jazzy/opt/gz_transport_vendor:/opt/ros/jazzy/opt/gz_rendering_vendor:/opt/ros/jazzy/opt/gz_plugin_vendor:/opt/ros/jazzy/opt/gz_fuel_tools_vendor:/opt/ros/jazzy/opt/gz_msgs_vendor:/opt/ros/jazzy/opt/gz_common_vendor:/opt/ros/jazzy/opt/gz_math_vendor:/opt/ros/jazzy/opt/gz_utils_vendor:/opt/ros/jazzy/opt/gz_tools_vendor:/opt/ros/jazzy/opt/gz_ogre_next_vendor:/opt/ros/jazzy/opt/gz_dartsim_vendor:/opt/ros/jazzy/opt/gz_cmake_vendor:/opt/ros/jazzy DEBUGINFOD_URLS=https://debuginfod.ubuntu.com LD_LIBRARY_PATH=/home/wasim/r4s/install/robif2b/lib:/home/wasim/r4s/install/orocos_kdl/lib:/home/wasim/r4s/install/coord2b/lib:/home/wasim/r4s/install/kinova_vision/lib:/opt/ros/jazzy/opt/gz_sim_vendor/lib:/opt/ros/jazzy/opt/gz_sensors_vendor/lib:/opt/ros/jazzy/opt/gz_physics_vendor/lib:/opt/ros/jazzy/opt/sdformat_vendor/lib:/opt/ros/jazzy/opt/rviz_ogre_vendor/lib:/opt/ros/jazzy/lib/x86_64-linux-gnu:/opt/ros/jazzy/opt/gz_gui_vendor/lib:/opt/ros/jazzy/opt/gz_transport_vendor/lib:/opt/ros/jazzy/opt/gz_rendering_vendor/lib:/opt/ros/jazzy/opt/gz_plugin_vendor/lib:/opt/ros/jazzy/opt/gz_fuel_tools_vendor/lib:/opt/ros/jazzy/opt/gz_msgs_vendor/lib:/opt/ros/jazzy/opt/gz_common_vendor/lib:/opt/ros/jazzy/opt/gz_math_vendor/lib:/opt/ros/jazzy/opt/gz_utils_vendor/lib:/opt/ros/jazzy/opt/gz_tools_vendor/lib:/opt/ros/jazzy/opt/gz_ogre_next_vendor/lib:/opt/ros/jazzy/opt/gz_dartsim_vendor/lib:/opt/ros/jazzy/opt/gz_cmake_vendor/lib:/opt/ros/jazzy/lib PKG_CONFIG_PATH=/home/wasim/r4s/install/orocos_kdl/lib/x86_64-linux-gnu/pkgconfig:/home/wasim/r4s/install/orocos_kdl/lib/pkgconfig:/home/wasim/r4s/install/python_orocos_kdl/lib/x86_64-linux-gnu/pkgconfig:/home/wasim/r4s/install/python_orocos_kdl/lib/pkgconfig /usr/bin/cmake --build /home/wasim/r4s/build/eddie-ros -- -j16 -l16
