[01m[K/home/wasim/r4s/src/eddie-ros/src/pick_place_fsm_mock.cpp:202:4:[m[K [01;31m[Kerror: [m[Kexpected â€˜[01m[K;[m[Kâ€™ after class definition
  202 |   }
      |    [01;31m[K^[m[K
      |    [32m[K;[m[K
[01m[K/home/wasim/r4s/src/eddie-ros/src/pick_place_fsm_mock.cpp:[m[K In constructor â€˜[01m[KPickPlaceFSM::[01;32m[KPickPlaceFSM[m[K(const rclcpp::NodeOptions&)[m[Kâ€™:
[01m[K/home/wasim/r4s/src/eddie-ros/src/pick_place_fsm_mock.cpp:39:34:[m[K [01;31m[Kerror: [m[Kclass â€˜[01m[KPickPlaceFSM[m[Kâ€™ does not have any field named â€˜[01m[Kstate_[m[Kâ€™
   39 |   : Node("pick_place_fsm", opt), [01;31m[Kstate_[m[K(State::IDLE)
      |                                  [01;31m[K^~~~~~[m[K
[01m[K/home/wasim/r4s/src/eddie-ros/src/pick_place_fsm_mock.cpp:42:5:[m[K [01;31m[Kerror: [m[Kâ€˜[01m[Karm_client_[m[Kâ€™ was not declared in this scope; did you mean â€˜[01m[Krmw_client_t[m[Kâ€™?
   42 |     [01;31m[Karm_client_[m[K     = rclcpp_action::create_client<ArmControl>(this, "right_arm/arm_control");
      |     [01;31m[K^~~~~~~~~~~[m[K
      |     [32m[Krmw_client_t[m[K
[01m[K/home/wasim/r4s/src/eddie-ros/src/pick_place_fsm_mock.cpp:43:5:[m[K [01;31m[Kerror: [m[Kâ€˜[01m[Kgripper_client_[m[Kâ€™ was not declared in this scope
   43 |     [01;31m[Kgripper_client_[m[K = rclcpp_action::create_client<GripperControl>(this, "right_arm/gripper_control");
      |     [01;31m[K^~~~~~~~~~~~~~~[m[K
[01m[K/home/wasim/r4s/src/eddie-ros/src/pick_place_fsm_mock.cpp:46:5:[m[K [01;31m[Kerror: [m[Kâ€˜[01m[Kperception_sub_[m[Kâ€™ was not declared in this scope
   46 |     [01;31m[Kperception_sub_[m[K = create_subscription<geometry_msgs::msg::PoseStamped>(
      |     [01;31m[K^~~~~~~~~~~~~~~[m[K
[01m[K/home/wasim/r4s/src/eddie-ros/src/pick_place_fsm_mock.cpp:51:5:[m[K [01;31m[Kerror: [m[Kâ€˜[01m[Ktimer_[m[Kâ€™ was not declared in this scope; did you mean â€˜[01m[Ktimer_t[m[Kâ€™?
   51 |     [01;31m[Ktimer_[m[K = create_wall_timer(std::chrono::milliseconds(100),
      |     [01;31m[K^~~~~~[m[K
      |     [32m[Ktimer_t[m[K
[01m[K/home/wasim/r4s/src/eddie-ros/src/pick_place_fsm_mock.cpp:54:5:[m[K [01;31m[Kerror: [m[Kâ€˜[01m[Kplace_pose_[m[Kâ€™ was not declared in this scope
   54 |     [01;31m[Kplace_pose_[m[K.position.x    = 0.60;
      |     [01;31m[K^~~~~~~~~~~[m[K
[01m[K/home/wasim/r4s/src/eddie-ros/src/pick_place_fsm_mock.cpp:[m[K In member function â€˜[01m[Kvoid PickPlaceFSM::[01;32m[Ktick[m[K()[m[Kâ€™:
[01m[K/home/wasim/r4s/src/eddie-ros/src/pick_place_fsm_mock.cpp:69:13:[m[K [01;31m[Kerror: [m[Kâ€˜[01m[Kstate_[m[Kâ€™ was not declared in this scope; did you mean â€˜[01m[KState[m[Kâ€™?
   69 |     switch ([01;31m[Kstate_[m[K)
      |             [01;31m[K^~~~~~[m[K
      |             [32m[KState[m[K
[01m[K/home/wasim/r4s/src/eddie-ros/src/pick_place_fsm_mock.cpp:88:9:[m[K [01;31m[Kerror: [m[Kâ€˜[01m[Ksend_place_goal[m[Kâ€™ was not declared in this scope; did you mean â€˜[01m[Ksend_grasp_goal[m[Kâ€™?
   88 |         [01;31m[Ksend_place_goal[m[K();
      |         [01;31m[K^~~~~~~~~~~~~~~[m[K
      |         [32m[Ksend_grasp_goal[m[K
[01m[K/home/wasim/r4s/src/eddie-ros/src/pick_place_fsm_mock.cpp:92:9:[m[K [01;31m[Kerror: [m[Kâ€˜[01m[Ksend_open_gripper_goal[m[Kâ€™ was not declared in this scope
   92 |         [01;31m[Ksend_open_gripper_goal[m[K();
      |         [01;31m[K^~~~~~~~~~~~~~~~~~~~~~[m[K
[01m[K/home/wasim/r4s/src/eddie-ros/src/pick_place_fsm_mock.cpp:[m[K In member function â€˜[01m[Kvoid PickPlaceFSM::[01;32m[Kon_perception[m[K(geometry_msgs::msg::PoseStamped_<std::allocator<void> >::SharedPtr)[m[Kâ€™:
[01m[K/home/wasim/r4s/src/eddie-ros/src/pick_place_fsm_mock.cpp:113:9:[m[K [01;31m[Kerror: [m[Kâ€˜[01m[Kstate_[m[Kâ€™ was not declared in this scope; did you mean â€˜[01m[KState[m[Kâ€™?
  113 |     if ([01;31m[Kstate_[m[K != State::IDLE) return;          // ignore if busy
      |         [01;31m[K^~~~~~[m[K
      |         [32m[KState[m[K
[01m[K/home/wasim/r4s/src/eddie-ros/src/pick_place_fsm_mock.cpp:115:5:[m[K [01;31m[Kerror: [m[Kâ€˜[01m[Ktarget_pose_[m[Kâ€™ was not declared in this scope
  115 |     [01;31m[Ktarget_pose_[m[K = msg->pose;
      |     [01;31m[K^~~~~~~~~~~~[m[K
[01m[K/home/wasim/r4s/src/eddie-ros/src/pick_place_fsm_mock.cpp:116:5:[m[K [01;31m[Kerror: [m[Kâ€˜[01m[Kstate_[m[Kâ€™ was not declared in this scope; did you mean â€˜[01m[KState[m[Kâ€™?
  116 |     [01;31m[Kstate_[m[K       = State::MOVE_TO_APPROACH;
      |     [01;31m[K^~~~~~[m[K
      |     [32m[KState[m[K
[01m[K/home/wasim/r4s/src/eddie-ros/src/pick_place_fsm_mock.cpp:[m[K In member function â€˜[01m[Kvoid PickPlaceFSM::[01;32m[Ksend_approach_goal[m[K()[m[Kâ€™:
[01m[K/home/wasim/r4s/src/eddie-ros/src/pick_place_fsm_mock.cpp:122:10:[m[K [01;31m[Kerror: [m[Kâ€˜[01m[Karm_client_[m[Kâ€™ was not declared in this scope; did you mean â€˜[01m[Krmw_client_t[m[Kâ€™?
  122 |     if (![01;31m[Karm_client_[m[K->wait_for_action_server(std::chrono::seconds(2)))
      |          [01;31m[K^~~~~~~~~~~[m[K
      |          [32m[Krmw_client_t[m[K
[01m[K/home/wasim/r4s/src/eddie-ros/src/pick_place_fsm_mock.cpp:125:7:[m[K [01;31m[Kerror: [m[Kâ€˜[01m[Kstate_[m[Kâ€™ was not declared in this scope; did you mean â€˜[01m[KState[m[Kâ€™?
  125 |       [01;31m[Kstate_[m[K = State::ABORT;
      |       [01;31m[K^~~~~~[m[K
      |       [32m[KState[m[K
[01m[K/home/wasim/r4s/src/eddie-ros/src/pick_place_fsm_mock.cpp:130:26:[m[K [01;31m[Kerror: [m[Kâ€˜[01m[Ktarget_pose_[m[Kâ€™ was not declared in this scope
  130 |     goal.target_pose   = [01;31m[Ktarget_pose_[m[K;
      |                          [01;31m[K^~~~~~~~~~~~[m[K
[01m[K/home/wasim/r4s/src/eddie-ros/src/pick_place_fsm_mock.cpp:138:5:[m[K [01;31m[Kerror: [m[Kâ€˜[01m[Karm_client_[m[Kâ€™ was not declared in this scope; did you mean â€˜[01m[Krmw_client_t[m[Kâ€™?
  138 |     [01;31m[Karm_client_[m[K->async_send_goal(goal, send_opt);
      |     [01;31m[K^~~~~~~~~~~[m[K
      |     [32m[Krmw_client_t[m[K
[01m[K/home/wasim/r4s/src/eddie-ros/src/pick_place_fsm_mock.cpp:140:5:[m[K [01;31m[Kerror: [m[Kâ€˜[01m[Kstate_[m[Kâ€™ was not declared in this scope; did you mean â€˜[01m[KState[m[Kâ€™?
  140 |     [01;31m[Kstate_[m[K = State::WAIT_APPROACH_RESULT;
      |     [01;31m[K^~~~~~[m[K
      |     [32m[KState[m[K
[01m[K/home/wasim/r4s/src/eddie-ros/src/pick_place_fsm_mock.cpp:[m[K In member function â€˜[01m[Kvoid PickPlaceFSM::[01;32m[Ksend_grasp_goal[m[K()[m[Kâ€™:
[01m[K/home/wasim/r4s/src/eddie-ros/src/pick_place_fsm_mock.cpp:147:24:[m[K [01;31m[Kerror: [m[Kâ€˜[01m[Ktarget_pose_[m[Kâ€™ was not declared in this scope
  147 |     goal.target_pose = [01;31m[Ktarget_pose_[m[K; // back to object
      |                        [01;31m[K^~~~~~~~~~~~[m[K
[01m[K/home/wasim/r4s/src/eddie-ros/src/pick_place_fsm_mock.cpp:154:5:[m[K [01;31m[Kerror: [m[Kâ€˜[01m[Karm_client_[m[Kâ€™ was not declared in this scope; did you mean â€˜[01m[Krmw_client_t[m[Kâ€™?
  154 |     [01;31m[Karm_client_[m[K->async_send_goal(goal, send_opt);
      |     [01;31m[K^~~~~~~~~~~[m[K
      |     [32m[Krmw_client_t[m[K
[01m[K/home/wasim/r4s/src/eddie-ros/src/pick_place_fsm_mock.cpp:156:5:[m[K [01;31m[Kerror: [m[Kâ€˜[01m[Kstate_[m[Kâ€™ was not declared in this scope; did you mean â€˜[01m[KState[m[Kâ€™?
  156 |     [01;31m[Kstate_[m[K = State::WAIT_GRASP_RESULT;
      |     [01;31m[K^~~~~~[m[K
      |     [32m[KState[m[K
[01m[K/home/wasim/r4s/src/eddie-ros/src/pick_place_fsm_mock.cpp:[m[K In member function â€˜[01m[Kvoid PickPlaceFSM::[01;32m[Ksend_gripper_close[m[K()[m[Kâ€™:
[01m[K/home/wasim/r4s/src/eddie-ros/src/pick_place_fsm_mock.cpp:162:10:[m[K [01;31m[Kerror: [m[Kâ€˜[01m[Kgripper_client_[m[Kâ€™ was not declared in this scope
  162 |     if (![01;31m[Kgripper_client_[m[K->wait_for_action_server(std::chrono::seconds(2)))
      |          [01;31m[K^~~~~~~~~~~~~~~[m[K
[01m[K/home/wasim/r4s/src/eddie-ros/src/pick_place_fsm_mock.cpp:165:7:[m[K [01;31m[Kerror: [m[Kâ€˜[01m[Kstate_[m[Kâ€™ was not declared in this scope; did you mean â€˜[01m[KState[m[Kâ€™?
  165 |       [01;31m[Kstate_[m[K = State::ABORT;
      |       [01;31m[K^~~~~~[m[K
      |       [32m[KState[m[K
[01m[K/home/wasim/r4s/src/eddie-ros/src/pick_place_fsm_mock.cpp:[m[K In lambda function:
[01m[K/home/wasim/r4s/src/eddie-ros/src/pick_place_fsm_mock.cpp:177:11:[m[K [01;31m[Kerror: [m[Kâ€˜[01m[Kon_gripper_result[m[Kâ€™ was not declared in this scope; did you mean â€˜[01m[Kon_arm_result[m[Kâ€™?
  177 |         { [01;31m[Kon_gripper_result[m[K(r); };
      |           [01;31m[K^~~~~~~~~~~~~~~~~[m[K
      |           [32m[Kon_arm_result[m[K
[01m[K/home/wasim/r4s/src/eddie-ros/src/pick_place_fsm_mock.cpp:[m[K In member function â€˜[01m[Kvoid PickPlaceFSM::[01;32m[Ksend_gripper_close[m[K()[m[Kâ€™:
[01m[K/home/wasim/r4s/src/eddie-ros/src/pick_place_fsm_mock.cpp:179:5:[m[K [01;31m[Kerror: [m[Kâ€˜[01m[Kgripper_client_[m[Kâ€™ was not declared in this scope
  179 |     [01;31m[Kgripper_client_[m[K->async_send_goal(goal, send_opt);
      |     [01;31m[K^~~~~~~~~~~~~~~[m[K
[01m[K/home/wasim/r4s/src/eddie-ros/src/pick_place_fsm_mock.cpp:181:5:[m[K [01;31m[Kerror: [m[Kâ€˜[01m[Kstate_[m[Kâ€™ was not declared in this scope; did you mean â€˜[01m[KState[m[Kâ€™?
  181 |     [01;31m[Kstate_[m[K = State::WAIT_GRIPPER_RESULT;
      |     [01;31m[K^~~~~~[m[K
      |     [32m[KState[m[K
[01m[K/home/wasim/r4s/src/eddie-ros/src/pick_place_fsm_mock.cpp:[m[K In member function â€˜[01m[Kvoid PickPlaceFSM::[01;32m[Kon_arm_result[m[K(const rclcpp_action::ClientGoalHandle<eddie_ros::action::ArmControl>::WrappedResult&, bool, bool)[m[Kâ€™:
[01m[K/home/wasim/r4s/src/eddie-ros/src/pick_place_fsm_mock.cpp:191:7:[m[K [01;31m[Kerror: [m[Kâ€˜[01m[Kstate_[m[Kâ€™ was not declared in this scope; did you mean â€˜[01m[KState[m[Kâ€™?
  191 |       [01;31m[Kstate_[m[K = State::ABORT;
      |       [01;31m[K^~~~~~[m[K
      |       [32m[KState[m[K
[01m[K/home/wasim/r4s/src/eddie-ros/src/pick_place_fsm_mock.cpp:197:7:[m[K [01;31m[Kerror: [m[Kâ€˜[01m[Kstate_[m[Kâ€™ was not declared in this scope; did you mean â€˜[01m[KState[m[Kâ€™?
  197 |       [01;31m[Kstate_[m[K = State::OPEN_GRIPPER;
      |       [01;31m[K^~~~~~[m[K
      |       [32m[KState[m[K
[01m[K/home/wasim/r4s/src/eddie-ros/src/pick_place_fsm_mock.cpp:199:7:[m[K [01;31m[Kerror: [m[Kâ€˜[01m[Kstate_[m[Kâ€™ was not declared in this scope; did you mean â€˜[01m[KState[m[Kâ€™?
  199 |       [01;31m[Kstate_[m[K = is_approach ? State::MOVE_TO_GRASP : State::CLOSE_GRIPPER;
      |       [01;31m[K^~~~~~[m[K
      |       [32m[KState[m[K
[01m[K/home/wasim/r4s/src/eddie-ros/src/pick_place_fsm_mock.cpp:[m[K At global scope:
[01m[K/home/wasim/r4s/src/eddie-ros/src/pick_place_fsm_mock.cpp:204:64:[m[K [01;31m[Kerror: [m[Kâ€˜[01m[KGripperControl[m[Kâ€™ was not declared in this scope; did you mean â€˜[01m[Keddie_ros::action::GripperControl[m[Kâ€™?
  204 |   void on_gripper_result(const rclcpp_action::ClientGoalHandle<[01;31m[KGripperControl[m[K>::WrappedResult & r)
      |                                                                [01;31m[K^~~~~~~~~~~~~~[m[K
      |                                                                [32m[Keddie_ros::action::GripperControl[m[K
In file included from [01m[K/home/wasim/r4s/build/eddie_ros/rosidl_generator_cpp/eddie_ros/action/gripper_control.hpp:7[m[K,
                 from [01m[K/home/wasim/r4s/src/eddie-ros/src/pick_place_fsm_mock.cpp:10[m[K:
[01m[K/home/wasim/r4s/build/eddie_ros/rosidl_generator_cpp/eddie_ros/action/detail/gripper_control__struct.hpp:1403:31:[m[K [01;36m[Knote: [m[Kâ€˜[01m[Keddie_ros::action::GripperControl[m[Kâ€™ declared here
 1403 | typedef struct GripperControl [01;36m[KGripperControl[m[K;
      |                               [01;36m[K^~~~~~~~~~~~~~[m[K
[01m[K/home/wasim/r4s/src/eddie-ros/src/pick_place_fsm_mock.cpp:204:78:[m[K [01;31m[Kerror: [m[Ktemplate argument 1 is invalid
  204 |   void on_gripper_result(const rclcpp_action::ClientGoalHandle<GripperControl[01;31m[K>[m[K::WrappedResult & r)
      |                                                                              [01;31m[K^[m[K
[01m[K/home/wasim/r4s/src/eddie-ros/src/pick_place_fsm_mock.cpp:204:95:[m[K [01;31m[Kerror: [m[Kexpected â€˜[01m[K,[m[Kâ€™ or â€˜[01m[K...[m[Kâ€™ before â€˜[01m[K&[m[Kâ€™ token
  204 |   void on_gripper_result(const rclcpp_action::ClientGoalHandle<GripperControl>::WrappedResult [01;31m[K&[m[K r)
      |                                                                                               [01;31m[K^[m[K
[01m[K/home/wasim/r4s/src/eddie-ros/src/pick_place_fsm_mock.cpp:[m[K In function â€˜[01m[Kvoid[01;32m[K on_gripper_result[m[K(int)[m[Kâ€™:
[01m[K/home/wasim/r4s/src/eddie-ros/src/pick_place_fsm_mock.cpp:206:9:[m[K [01;31m[Kerror: [m[Kâ€˜[01m[Kr[m[Kâ€™ was not declared in this scope
  206 |     if ([01;31m[Kr[m[K.code != rclcpp_action::ResultCode::SUCCEEDED)
      |         [01;31m[K^[m[K
In file included from [01m[K/opt/ros/jazzy/include/rclcpp/rclcpp/copy_all_parameter_values.hpp:27[m[K,
                 from [01m[K/opt/ros/jazzy/include/rclcpp/rclcpp/rclcpp.hpp:171[m[K,
                 from [01m[K/home/wasim/r4s/src/eddie-ros/src/pick_place_fsm_mock.cpp:5[m[K:
[01m[K/home/wasim/r4s/src/eddie-ros/src/pick_place_fsm_mock.cpp:208:20:[m[K [01;31m[Kerror: [m[Kâ€˜[01m[Kget_logger[m[Kâ€™ was not declared in this scope; did you mean â€˜[01m[Krclcpp::get_logger[m[Kâ€™?
  208 |       RCLCPP_ERROR([01;31m[Kget_logger[m[K(), "Gripper motion failed â€“ abort");
      |                    [01;31m[K^~~~~~~~~~[m[K
In file included from [01m[K/opt/ros/jazzy/include/rclcpp/rclcpp/copy_all_parameter_values.hpp:26[m[K:
[01m[K/opt/ros/jazzy/include/rclcpp/rclcpp/logger.hpp:107:17:[m[K [01;36m[Knote: [m[Kâ€˜[01m[Krclcpp::get_logger[m[Kâ€™ declared here
  107 |   friend Logger [01;36m[Krclcpp[m[K::get_logger(const std::string & name);
      |                 [01;36m[K^~~~~~[m[K
[01m[K/home/wasim/r4s/src/eddie-ros/src/pick_place_fsm_mock.cpp:208:7:[m[K [01;31m[Kerror: [m[Ktemplate argument 1 is invalid
  208 |       [01;31m[KRCLCPP_ERROR[m[K(get_logger(), "Gripper motion failed â€“ abort");
      |       [01;31m[K^~~~~~~~~~~~[m[K
[01m[K/home/wasim/r4s/src/eddie-ros/src/pick_place_fsm_mock.cpp:208:7:[m[K [01;31m[Kerror: [m[Ktemplate argument 1 is invalid
  208 |       [01;31m[KRCLCPP_ERROR[m[K(get_logger(), "Gripper motion failed â€“ abort");
      |       [01;31m[K^~~~~~~~~~~~[m[K
[01m[K/home/wasim/r4s/src/eddie-ros/src/pick_place_fsm_mock.cpp:208:7:[m[K [01;31m[Kerror: [m[Ktemplate argument 1 is invalid
  208 |       [01;31m[KRCLCPP_ERROR[m[K(get_logger(), "Gripper motion failed â€“ abort");
      |       [01;31m[K^~~~~~~~~~~~[m[K
[01m[K/home/wasim/r4s/src/eddie-ros/src/pick_place_fsm_mock.cpp:209:7:[m[K [01;31m[Kerror: [m[Kâ€˜[01m[Kstate_[m[Kâ€™ was not declared in this scope; did you mean â€˜[01m[KState[m[Kâ€™?
  209 |       [01;31m[Kstate_[m[K = State::ABORT;
      |       [01;31m[K^~~~~~[m[K
      |       [32m[KState[m[K
[01m[K/home/wasim/r4s/src/eddie-ros/src/pick_place_fsm_mock.cpp:212:17:[m[K [01;31m[Kerror: [m[Kâ€˜[01m[Kget_logger[m[Kâ€™ was not declared in this scope; did you mean â€˜[01m[Krclcpp::get_logger[m[Kâ€™?
  212 |     RCLCPP_INFO([01;31m[Kget_logger[m[K(), "Gripper motion succeeded");
      |                 [01;31m[K^~~~~~~~~~[m[K
[01m[K/opt/ros/jazzy/include/rclcpp/rclcpp/logger.hpp:107:17:[m[K [01;36m[Knote: [m[Kâ€˜[01m[Krclcpp::get_logger[m[Kâ€™ declared here
  107 |   friend Logger [01;36m[Krclcpp[m[K::get_logger(const std::string & name);
      |                 [01;36m[K^~~~~~[m[K
[01m[K/home/wasim/r4s/src/eddie-ros/src/pick_place_fsm_mock.cpp:212:5:[m[K [01;31m[Kerror: [m[Ktemplate argument 1 is invalid
  212 |     [01;31m[KRCLCPP_INFO[m[K(get_logger(), "Gripper motion succeeded");
      |     [01;31m[K^~~~~~~~~~~[m[K
[01m[K/home/wasim/r4s/src/eddie-ros/src/pick_place_fsm_mock.cpp:212:5:[m[K [01;31m[Kerror: [m[Ktemplate argument 1 is invalid
  212 |     [01;31m[KRCLCPP_INFO[m[K(get_logger(), "Gripper motion succeeded");
      |     [01;31m[K^~~~~~~~~~~[m[K
[01m[K/home/wasim/r4s/src/eddie-ros/src/pick_place_fsm_mock.cpp:212:5:[m[K [01;31m[Kerror: [m[Ktemplate argument 1 is invalid
  212 |     [01;31m[KRCLCPP_INFO[m[K(get_logger(), "Gripper motion succeeded");
      |     [01;31m[K^~~~~~~~~~~[m[K
[01m[K/home/wasim/r4s/src/eddie-ros/src/pick_place_fsm_mock.cpp:213:5:[m[K [01;31m[Kerror: [m[Kâ€˜[01m[Kstate_[m[Kâ€™ was not declared in this scope; did you mean â€˜[01m[KState[m[Kâ€™?
  213 |     [01;31m[Kstate_[m[K = State::FINISHED;
      |     [01;31m[K^~~~~~[m[K
      |     [32m[KState[m[K
[01m[K/home/wasim/r4s/src/eddie-ros/src/pick_place_fsm_mock.cpp:204:81:[m[K [01;35m[Kwarning: [m[Kunused parameter â€˜[01m[KWrappedResult[m[Kâ€™ [[01;35m[K]8;;https://gcc.gnu.org/onlinedocs/gcc/Warning-Options.html#index-Wunused-parameter-Wunused-parameter]8;;[m[K]
  204 |   void on_gripper_result([01;35m[Kconst rclcpp_action::ClientGoalHandle<GripperControl>::WrappedResult[m[K & r)
      |                          [01;35m[K~~~~~~~~~~~~~~~~~~~~~~~~~~~~~~~~~~~~~~~~~~~~~~~~~~~~~~~^~~~~~~~~~~~~[m[K
[01m[K/home/wasim/r4s/src/eddie-ros/src/pick_place_fsm_mock.cpp:[m[K In function â€˜[01m[Kvoid[01;32m[K send_place_goal[m[K()[m[Kâ€™:
[01m[K/home/wasim/r4s/src/eddie-ros/src/pick_place_fsm_mock.cpp:220:28:[m[K [01;31m[Kerror: [m[Kâ€˜[01m[KArmControl[m[Kâ€™ has not been declared
  220 |       auto goal          = [01;31m[KArmControl[m[K::Goal();
      |                            [01;31m[K^~~~~~~~~~[m[K
[01m[K/home/wasim/r4s/src/eddie-ros/src/pick_place_fsm_mock.cpp:221:28:[m[K [01;31m[Kerror: [m[Kâ€˜[01m[Kplace_pose_[m[Kâ€™ was not declared in this scope
  221 |       goal.target_pose   = [01;31m[Kplace_pose_[m[K;
      |                            [01;31m[K^~~~~~~~~~~[m[K
[01m[K/home/wasim/r4s/src/eddie-ros/src/pick_place_fsm_mock.cpp:223:40:[m[K [01;31m[Kerror: [m[Kâ€˜[01m[KArmControl[m[Kâ€™ was not declared in this scope; did you mean â€˜[01m[Keddie_ros::action::ArmControl[m[Kâ€™?
  223 |       auto opt = rclcpp_action::Client<[01;31m[KArmControl[m[K>::SendGoalOptions();
      |                                        [01;31m[K^~~~~~~~~~[m[K
      |                                        [32m[Keddie_ros::action::ArmControl[m[K
In file included from [01m[K/home/wasim/r4s/build/eddie_ros/rosidl_generator_cpp/eddie_ros/action/arm_control.hpp:7[m[K,
                 from [01m[K/home/wasim/r4s/src/eddie-ros/src/pick_place_fsm_mock.cpp:9[m[K:
[01m[K/home/wasim/r4s/build/eddie_ros/rosidl_generator_cpp/eddie_ros/action/detail/arm_control__struct.hpp:1382:27:[m[K [01;36m[Knote: [m[Kâ€˜[01m[Keddie_ros::action::ArmControl[m[Kâ€™ declared here
 1382 | typedef struct ArmControl [01;36m[KArmControl[m[K;
      |                           [01;36m[K^~~~~~~~~~[m[K
[01m[K/home/wasim/r4s/src/eddie-ros/src/pick_place_fsm_mock.cpp:223:50:[m[K [01;31m[Kerror: [m[Ktemplate argument 1 is invalid
  223 |       auto opt = rclcpp_action::Client<ArmControl[01;31m[K>[m[K::SendGoalOptions();
      |                                                  [01;31m[K^[m[K
[01m[K/home/wasim/r4s/src/eddie-ros/src/pick_place_fsm_mock.cpp:224:30:[m[K [01;31m[Kerror: [m[Kinvalid use of â€˜[01m[Kthis[m[Kâ€™ in non-member function
  224 |       opt.result_callback = [[01;31m[Kthis[m[K](const auto & r){ on_place_result(r); };
      |                              [01;31m[K^~~~[m[K
[01m[K/home/wasim/r4s/src/eddie-ros/src/pick_place_fsm_mock.cpp:225:7:[m[K [01;31m[Kerror: [m[Kâ€˜[01m[Karm_client_[m[Kâ€™ was not declared in this scope; did you mean â€˜[01m[Krmw_client_t[m[Kâ€™?
  225 |       [01;31m[Karm_client_[m[K->async_send_goal(goal, opt);
      |       [01;31m[K^~~~~~~~~~~[m[K
      |       [32m[Krmw_client_t[m[K
[01m[K/home/wasim/r4s/src/eddie-ros/src/pick_place_fsm_mock.cpp:226:19:[m[K [01;31m[Kerror: [m[Kâ€˜[01m[Kget_logger[m[Kâ€™ was not declared in this scope; did you mean â€˜[01m[Krclcpp::get_logger[m[Kâ€™?
  226 |       RCLCPP_INFO([01;31m[Kget_logger[m[K(), "[FSM] Place (approach) goal sent");
      |                   [01;31m[K^~~~~~~~~~[m[K
[01m[K/opt/ros/jazzy/include/rclcpp/rclcpp/logger.hpp:107:17:[m[K [01;36m[Knote: [m[Kâ€˜[01m[Krclcpp::get_logger[m[Kâ€™ declared here
  107 |   friend Logger [01;36m[Krclcpp[m[K::get_logger(const std::string & name);
      |                 [01;36m[K^~~~~~[m[K
[01m[K/home/wasim/r4s/src/eddie-ros/src/pick_place_fsm_mock.cpp:226:7:[m[K [01;31m[Kerror: [m[Ktemplate argument 1 is invalid
  226 |       [01;31m[KRCLCPP_INFO[m[K(get_logger(), "[FSM] Place (approach) goal sent");
      |       [01;31m[K^~~~~~~~~~~[m[K
[01m[K/home/wasim/r4s/src/eddie-ros/src/pick_place_fsm_mock.cpp:226:7:[m[K [01;31m[Kerror: [m[Ktemplate argument 1 is invalid
  226 |       [01;31m[KRCLCPP_INFO[m[K(get_logger(), "[FSM] Place (approach) goal sent");
      |       [01;31m[K^~~~~~~~~~~[m[K
[01m[K/home/wasim/r4s/src/eddie-ros/src/pick_place_fsm_mock.cpp:226:7:[m[K [01;31m[Kerror: [m[Ktemplate argument 1 is invalid
  226 |       [01;31m[KRCLCPP_INFO[m[K(get_logger(), "[FSM] Place (approach) goal sent");
      |       [01;31m[K^~~~~~~~~~~[m[K
[01m[K/home/wasim/r4s/src/eddie-ros/src/pick_place_fsm_mock.cpp:227:7:[m[K [01;31m[Kerror: [m[Kâ€˜[01m[Kstate_[m[Kâ€™ was not declared in this scope; did you mean â€˜[01m[KState[m[Kâ€™?
  227 |       [01;31m[Kstate_[m[K = State::WAIT_PLACE_RESULT;
      |       [01;31m[K^~~~~~[m[K
      |       [32m[KState[m[K
[01m[K/home/wasim/r4s/src/eddie-ros/src/pick_place_fsm_mock.cpp:[m[K In function â€˜[01m[Kvoid[01;32m[K send_open_gripper_goal[m[K()[m[Kâ€™:
[01m[K/home/wasim/r4s/src/eddie-ros/src/pick_place_fsm_mock.cpp:232:35:[m[K [01;31m[Kerror: [m[Kâ€˜[01m[KGripperControl[m[Kâ€™ has not been declared
  232 |       auto goal                 = [01;31m[KGripperControl[m[K::Goal();
      |                                   [01;31m[K^~~~~~~~~~~~~~[m[K
[01m[K/home/wasim/r4s/src/eddie-ros/src/pick_place_fsm_mock.cpp:236:40:[m[K [01;31m[Kerror: [m[Kâ€˜[01m[KGripperControl[m[Kâ€™ was not declared in this scope; did you mean â€˜[01m[Keddie_ros::action::GripperControl[m[Kâ€™?
  236 |       auto opt = rclcpp_action::Client<[01;31m[KGripperControl[m[K>::SendGoalOptions();
      |                                        [01;31m[K^~~~~~~~~~~~~~[m[K
      |                                        [32m[Keddie_ros::action::GripperControl[m[K
[01m[K/home/wasim/r4s/build/eddie_ros/rosidl_generator_cpp/eddie_ros/action/detail/gripper_control__struct.hpp:1403:31:[m[K [01;36m[Knote: [m[Kâ€˜[01m[Keddie_ros::action::GripperControl[m[Kâ€™ declared here
 1403 | typedef struct GripperControl [01;36m[KGripperControl[m[K;
      |                               [01;36m[K^~~~~~~~~~~~~~[m[K
[01m[K/home/wasim/r4s/src/eddie-ros/src/pick_place_fsm_mock.cpp:236:54:[m[K [01;31m[Kerror: [m[Ktemplate argument 1 is invalid
  236 |       auto opt = rclcpp_action::Client<GripperControl[01;31m[K>[m[K::SendGoalOptions();
      |                                                      [01;31m[K^[m[K
[01m[K/home/wasim/r4s/src/eddie-ros/src/pick_place_fsm_mock.cpp:237:30:[m[K [01;31m[Kerror: [m[Kinvalid use of â€˜[01m[Kthis[m[Kâ€™ in non-member function
  237 |       opt.result_callback = [[01;31m[Kthis[m[K](const auto & r){ on_open_result(r); };
      |                              [01;31m[K^~~~[m[K
[01m[K/home/wasim/r4s/src/eddie-ros/src/pick_place_fsm_mock.cpp:238:7:[m[K [01;31m[Kerror: [m[Kâ€˜[01m[Kgripper_client_[m[Kâ€™ was not declared in this scope
  238 |       [01;31m[Kgripper_client_[m[K->async_send_goal(goal, opt);
      |       [01;31m[K^~~~~~~~~~~~~~~[m[K
[01m[K/home/wasim/r4s/src/eddie-ros/src/pick_place_fsm_mock.cpp:239:19:[m[K [01;31m[Kerror: [m[Kâ€˜[01m[Kget_logger[m[Kâ€™ was not declared in this scope; did you mean â€˜[01m[Krclcpp::get_logger[m[Kâ€™?
  239 |       RCLCPP_INFO([01;31m[Kget_logger[m[K(), "[FSM] Open-gripper goal sent");
      |                   [01;31m[K^~~~~~~~~~[m[K
[01m[K/opt/ros/jazzy/include/rclcpp/rclcpp/logger.hpp:107:17:[m[K [01;36m[Knote: [m[Kâ€˜[01m[Krclcpp::get_logger[m[Kâ€™ declared here
  107 |   friend Logger [01;36m[Krclcpp[m[K::get_logger(const std::string & name);
      |                 [01;36m[K^~~~~~[m[K
[01m[K/home/wasim/r4s/src/eddie-ros/src/pick_place_fsm_mock.cpp:239:7:[m[K [01;31m[Kerror: [m[Ktemplate argument 1 is invalid
  239 |       [01;31m[KRCLCPP_INFO[m[K(get_logger(), "[FSM] Open-gripper goal sent");
      |       [01;31m[K^~~~~~~~~~~[m[K
[01m[K/home/wasim/r4s/src/eddie-ros/src/pick_place_fsm_mock.cpp:239:7:[m[K [01;31m[Kerror: [m[Ktemplate argument 1 is invalid
  239 |       [01;31m[KRCLCPP_INFO[m[K(get_logger(), "[FSM] Open-gripper goal sent");
      |       [01;31m[K^~~~~~~~~~~[m[K
[01m[K/home/wasim/r4s/src/eddie-ros/src/pick_place_fsm_mock.cpp:239:7:[m[K [01;31m[Kerror: [m[Ktemplate argument 1 is invalid
  239 |       [01;31m[KRCLCPP_INFO[m[K(get_logger(), "[FSM] Open-gripper goal sent");
      |       [01;31m[K^~~~~~~~~~~[m[K
[01m[K/home/wasim/r4s/src/eddie-ros/src/pick_place_fsm_mock.cpp:240:7:[m[K [01;31m[Kerror: [m[Kâ€˜[01m[Kstate_[m[Kâ€™ was not declared in this scope; did you mean â€˜[01m[KState[m[Kâ€™?
  240 |       [01;31m[Kstate_[m[K = State::WAIT_OPEN_RESULT;
      |       [01;31m[K^~~~~~[m[K
      |       [32m[KState[m[K
[01m[K/home/wasim/r4s/src/eddie-ros/src/pick_place_fsm_mock.cpp:[m[K At global scope:
[01m[K/home/wasim/r4s/src/eddie-ros/src/pick_place_fsm_mock.cpp:243:62:[m[K [01;31m[Kerror: [m[Kâ€˜[01m[KArmControl[m[Kâ€™ was not declared in this scope; did you mean â€˜[01m[Keddie_ros::action::ArmControl[m[Kâ€™?
  243 |   void on_place_result(const rclcpp_action::ClientGoalHandle<[01;31m[KArmControl[m[K>::WrappedResult & r)
      |                                                              [01;31m[K^~~~~~~~~~[m[K
      |                                                              [32m[Keddie_ros::action::ArmControl[m[K
[01m[K/home/wasim/r4s/build/eddie_ros/rosidl_generator_cpp/eddie_ros/action/detail/arm_control__struct.hpp:1382:27:[m[K [01;36m[Knote: [m[Kâ€˜[01m[Keddie_ros::action::ArmControl[m[Kâ€™ declared here
 1382 | typedef struct ArmControl [01;36m[KArmControl[m[K;
      |                           [01;36m[K^~~~~~~~~~[m[K
[01m[K/home/wasim/r4s/src/eddie-ros/src/pick_place_fsm_mock.cpp:243:72:[m[K [01;31m[Kerror: [m[Ktemplate argument 1 is invalid
  243 |   void on_place_result(const rclcpp_action::ClientGoalHandle<ArmControl[01;31m[K>[m[K::WrappedResult & r)
      |                                                                        [01;31m[K^[m[K
[01m[K/home/wasim/r4s/src/eddie-ros/src/pick_place_fsm_mock.cpp:243:89:[m[K [01;31m[Kerror: [m[Kexpected â€˜[01m[K,[m[Kâ€™ or â€˜[01m[K...[m[Kâ€™ before â€˜[01m[K&[m[Kâ€™ token
  243 |   void on_place_result(const rclcpp_action::ClientGoalHandle<ArmControl>::WrappedResult [01;31m[K&[m[K r)
      |                                                                                         [01;31m[K^[m[K
[01m[K/home/wasim/r4s/src/eddie-ros/src/pick_place_fsm_mock.cpp:[m[K In function â€˜[01m[Kvoid[01;32m[K on_place_result[m[K(int)[m[Kâ€™:
[01m[K/home/wasim/r4s/src/eddie-ros/src/pick_place_fsm_mock.cpp:245:11:[m[K [01;31m[Kerror: [m[Kâ€˜[01m[Kr[m[Kâ€™ was not declared in this scope
  245 |       if ([01;31m[Kr[m[K.code != rclcpp_action::ResultCode::SUCCEEDED){ state_ = State::ABORT; return; }
      |           [01;31m[K^[m[K
[01m[K/home/wasim/r4s/src/eddie-ros/src/pick_place_fsm_mock.cpp:245:60:[m[K [01;31m[Kerror: [m[Kâ€˜[01m[Kstate_[m[Kâ€™ was not declared in this scope; did you mean â€˜[01m[KState[m[Kâ€™?
  245 |       if (r.code != rclcpp_action::ResultCode::SUCCEEDED){ [01;31m[Kstate_[m[K = State::ABORT; return; }
      |                                                            [01;31m[K^~~~~~[m[K
      |                                                            [32m[KState[m[K
[01m[K/home/wasim/r4s/src/eddie-ros/src/pick_place_fsm_mock.cpp:246:19:[m[K [01;31m[Kerror: [m[Kâ€˜[01m[Kget_logger[m[Kâ€™ was not declared in this scope; did you mean â€˜[01m[Krclcpp::get_logger[m[Kâ€™?
  246 |       RCLCPP_INFO([01;31m[Kget_logger[m[K(), "Place motion succeeded");
      |                   [01;31m[K^~~~~~~~~~[m[K
[01m[K/opt/ros/jazzy/include/rclcpp/rclcpp/logger.hpp:107:17:[m[K [01;36m[Knote: [m[Kâ€˜[01m[Krclcpp::get_logger[m[Kâ€™ declared here
  107 |   friend Logger [01;36m[Krclcpp[m[K::get_logger(const std::string & name);
      |                 [01;36m[K^~~~~~[m[K
[01m[K/home/wasim/r4s/src/eddie-ros/src/pick_place_fsm_mock.cpp:246:7:[m[K [01;31m[Kerror: [m[Ktemplate argument 1 is invalid
  246 |       [01;31m[KRCLCPP_INFO[m[K(get_logger(), "Place motion succeeded");
      |       [01;31m[K^~~~~~~~~~~[m[K
[01m[K/home/wasim/r4s/src/eddie-ros/src/pick_place_fsm_mock.cpp:246:7:[m[K [01;31m[Kerror: [m[Ktemplate argument 1 is invalid
  246 |       [01;31m[KRCLCPP_INFO[m[K(get_logger(), "Place motion succeeded");
      |       [01;31m[K^~~~~~~~~~~[m[K
[01m[K/home/wasim/r4s/src/eddie-ros/src/pick_place_fsm_mock.cpp:246:7:[m[K [01;31m[Kerror: [m[Ktemplate argument 1 is invalid
  246 |       [01;31m[KRCLCPP_INFO[m[K(get_logger(), "Place motion succeeded");
      |       [01;31m[K^~~~~~~~~~~[m[K
[01m[K/home/wasim/r4s/src/eddie-ros/src/pick_place_fsm_mock.cpp:247:7:[m[K [01;31m[Kerror: [m[Kâ€˜[01m[Kstate_[m[Kâ€™ was not declared in this scope; did you mean â€˜[01m[KState[m[Kâ€™?
  247 |       [01;31m[Kstate_[m[K = State::OPEN_GRIPPER;
      |       [01;31m[K^~~~~~[m[K
      |       [32m[KState[m[K
[01m[K/home/wasim/r4s/src/eddie-ros/src/pick_place_fsm_mock.cpp:243:75:[m[K [01;35m[Kwarning: [m[Kunused parameter â€˜[01m[KWrappedResult[m[Kâ€™ [[01;35m[K]8;;https://gcc.gnu.org/onlinedocs/gcc/Warning-Options.html#index-Wunused-parameter-Wunused-parameter]8;;[m[K]
  243 |   void on_place_result([01;35m[Kconst rclcpp_action::ClientGoalHandle<ArmControl>::WrappedResult[m[K & r)
      |                        [01;35m[K~~~~~~~~~~~~~~~~~~~~~~~~~~~~~~~~~~~~~~~~~~~~~~~~~~~^~~~~~~~~~~~~[m[K
[01m[K/home/wasim/r4s/src/eddie-ros/src/pick_place_fsm_mock.cpp:[m[K At global scope:
[01m[K/home/wasim/r4s/src/eddie-ros/src/pick_place_fsm_mock.cpp:250:61:[m[K [01;31m[Kerror: [m[Kâ€˜[01m[KGripperControl[m[Kâ€™ was not declared in this scope; did you mean â€˜[01m[Keddie_ros::action::GripperControl[m[Kâ€™?
  250 |   void on_open_result(const rclcpp_action::ClientGoalHandle<[01;31m[KGripperControl[m[K>::WrappedResult & r)
      |                                                             [01;31m[K^~~~~~~~~~~~~~[m[K
      |                                                             [32m[Keddie_ros::action::GripperControl[m[K
[01m[K/home/wasim/r4s/build/eddie_ros/rosidl_generator_cpp/eddie_ros/action/detail/gripper_control__struct.hpp:1403:31:[m[K [01;36m[Knote: [m[Kâ€˜[01m[Keddie_ros::action::GripperControl[m[Kâ€™ declared here
 1403 | typedef struct GripperControl [01;36m[KGripperControl[m[K;
      |                               [01;36m[K^~~~~~~~~~~~~~[m[K
[01m[K/home/wasim/r4s/src/eddie-ros/src/pick_place_fsm_mock.cpp:250:75:[m[K [01;31m[Kerror: [m[Ktemplate argument 1 is invalid
  250 |   void on_open_result(const rclcpp_action::ClientGoalHandle<GripperControl[01;31m[K>[m[K::WrappedResult & r)
      |                                                                           [01;31m[K^[m[K
[01m[K/home/wasim/r4s/src/eddie-ros/src/pick_place_fsm_mock.cpp:250:92:[m[K [01;31m[Kerror: [m[Kexpected â€˜[01m[K,[m[Kâ€™ or â€˜[01m[K...[m[Kâ€™ before â€˜[01m[K&[m[Kâ€™ token
  250 |   void on_open_result(const rclcpp_action::ClientGoalHandle<GripperControl>::WrappedResult [01;31m[K&[m[K r)
      |                                                                                            [01;31m[K^[m[K
[01m[K/home/wasim/r4s/src/eddie-ros/src/pick_place_fsm_mock.cpp:[m[K In function â€˜[01m[Kvoid[01;32m[K on_open_result[m[K(int)[m[Kâ€™:
[01m[K/home/wasim/r4s/src/eddie-ros/src/pick_place_fsm_mock.cpp:252:11:[m[K [01;31m[Kerror: [m[Kâ€˜[01m[Kr[m[Kâ€™ was not declared in this scope
  252 |       if ([01;31m[Kr[m[K.code != rclcpp_action::ResultCode::SUCCEEDED){ state_ = State::ABORT; return; }
      |           [01;31m[K^[m[K
[01m[K/home/wasim/r4s/src/eddie-ros/src/pick_place_fsm_mock.cpp:252:60:[m[K [01;31m[Kerror: [m[Kâ€˜[01m[Kstate_[m[Kâ€™ was not declared in this scope; did you mean â€˜[01m[KState[m[Kâ€™?
  252 |       if (r.code != rclcpp_action::ResultCode::SUCCEEDED){ [01;31m[Kstate_[m[K = State::ABORT; return; }
      |                                                            [01;31m[K^~~~~~[m[K
      |                                                            [32m[KState[m[K
[01m[K/home/wasim/r4s/src/eddie-ros/src/pick_place_fsm_mock.cpp:253:19:[m[K [01;31m[Kerror: [m[Kâ€˜[01m[Kget_logger[m[Kâ€™ was not declared in this scope; did you mean â€˜[01m[Krclcpp::get_logger[m[Kâ€™?
  253 |       RCLCPP_INFO([01;31m[Kget_logger[m[K(), "Gripper open succeeded");
      |                   [01;31m[K^~~~~~~~~~[m[K
[01m[K/opt/ros/jazzy/include/rclcpp/rclcpp/logger.hpp:107:17:[m[K [01;36m[Knote: [m[Kâ€˜[01m[Krclcpp::get_logger[m[Kâ€™ declared here
  107 |   friend Logger [01;36m[Krclcpp[m[K::get_logger(const std::string & name);
      |                 [01;36m[K^~~~~~[m[K
[01m[K/home/wasim/r4s/src/eddie-ros/src/pick_place_fsm_mock.cpp:253:7:[m[K [01;31m[Kerror: [m[Ktemplate argument 1 is invalid
  253 |       [01;31m[KRCLCPP_INFO[m[K(get_logger(), "Gripper open succeeded");
      |       [01;31m[K^~~~~~~~~~~[m[K
[01m[K/home/wasim/r4s/src/eddie-ros/src/pick_place_fsm_mock.cpp:253:7:[m[K [01;31m[Kerror: [m[Ktemplate argument 1 is invalid
  253 |       [01;31m[KRCLCPP_INFO[m[K(get_logger(), "Gripper open succeeded");
      |       [01;31m[K^~~~~~~~~~~[m[K
[01m[K/home/wasim/r4s/src/eddie-ros/src/pick_place_fsm_mock.cpp:253:7:[m[K [01;31m[Kerror: [m[Ktemplate argument 1 is invalid
  253 |       [01;31m[KRCLCPP_INFO[m[K(get_logger(), "Gripper open succeeded");
      |       [01;31m[K^~~~~~~~~~~[m[K
[01m[K/home/wasim/r4s/src/eddie-ros/src/pick_place_fsm_mock.cpp:254:7:[m[K [01;31m[Kerror: [m[Kâ€˜[01m[Kstate_[m[Kâ€™ was not declared in this scope; did you mean â€˜[01m[KState[m[Kâ€™?
  254 |       [01;31m[Kstate_[m[K = State::FINISHED;
      |       [01;31m[K^~~~~~[m[K
      |       [32m[KState[m[K
[01m[K/home/wasim/r4s/src/eddie-ros/src/pick_place_fsm_mock.cpp:250:78:[m[K [01;35m[Kwarning: [m[Kunused parameter â€˜[01m[KWrappedResult[m[Kâ€™ [[01;35m[K]8;;https://gcc.gnu.org/onlinedocs/gcc/Warning-Options.html#index-Wunused-parameter-Wunused-parameter]8;;[m[K]
  250 |   void on_open_result([01;35m[Kconst rclcpp_action::ClientGoalHandle<GripperControl>::WrappedResult[m[K & r)
      |                       [01;35m[K~~~~~~~~~~~~~~~~~~~~~~~~~~~~~~~~~~~~~~~~~~~~~~~~~~~~~~~^~~~~~~~~~~~~[m[K
[01m[K/home/wasim/r4s/src/eddie-ros/src/pick_place_fsm_mock.cpp:[m[K At global scope:
[01m[K/home/wasim/r4s/src/eddie-ros/src/pick_place_fsm_mock.cpp:260:25:[m[K [01;31m[Kerror: [m[Kâ€˜[01m[KArmControl[m[Kâ€™ was not declared in this scope; did you mean â€˜[01m[Keddie_ros::action::ArmControl[m[Kâ€™?
  260 |   rclcpp_action::Client<[01;31m[KArmControl[m[K>::SharedPtr     arm_client_;
      |                         [01;31m[K^~~~~~~~~~[m[K
      |                         [32m[Keddie_ros::action::ArmControl[m[K
[01m[K/home/wasim/r4s/build/eddie_ros/rosidl_generator_cpp/eddie_ros/action/detail/arm_control__struct.hpp:1382:27:[m[K [01;36m[Knote: [m[Kâ€˜[01m[Keddie_ros::action::ArmControl[m[Kâ€™ declared here
 1382 | typedef struct ArmControl [01;36m[KArmControl[m[K;
      |                           [01;36m[K^~~~~~~~~~[m[K
[01m[K/home/wasim/r4s/src/eddie-ros/src/pick_place_fsm_mock.cpp:260:35:[m[K [01;31m[Kerror: [m[Ktemplate argument 1 is invalid
  260 |   rclcpp_action::Client<ArmControl[01;31m[K>[m[K::SharedPtr     arm_client_;
      |                                   [01;31m[K^[m[K
[01m[K/home/wasim/r4s/src/eddie-ros/src/pick_place_fsm_mock.cpp:260:52:[m[K [01;31m[Kerror: [m[Kexpected initializer before â€˜[01m[Karm_client_[m[Kâ€™
  260 |   rclcpp_action::Client<ArmControl>::SharedPtr     [01;31m[Karm_client_[m[K;
      |                                                    [01;31m[K^~~~~~~~~~~[m[K
[01m[K/home/wasim/r4s/src/eddie-ros/src/pick_place_fsm_mock.cpp:261:25:[m[K [01;31m[Kerror: [m[Kâ€˜[01m[KGripperControl[m[Kâ€™ was not declared in this scope; did you mean â€˜[01m[Keddie_ros::action::GripperControl[m[Kâ€™?
  261 |   rclcpp_action::Client<[01;31m[KGripperControl[m[K>::SharedPtr gripper_client_;
      |                         [01;31m[K^~~~~~~~~~~~~~[m[K
      |                         [32m[Keddie_ros::action::GripperControl[m[K
[01m[K/home/wasim/r4s/build/eddie_ros/rosidl_generator_cpp/eddie_ros/action/detail/gripper_control__struct.hpp:1403:31:[m[K [01;36m[Knote: [m[Kâ€˜[01m[Keddie_ros::action::GripperControl[m[Kâ€™ declared here
 1403 | typedef struct GripperControl [01;36m[KGripperControl[m[K;
      |                               [01;36m[K^~~~~~~~~~~~~~[m[K
[01m[K/home/wasim/r4s/src/eddie-ros/src/pick_place_fsm_mock.cpp:261:39:[m[K [01;31m[Kerror: [m[Ktemplate argument 1 is invalid
  261 |   rclcpp_action::Client<GripperControl[01;31m[K>[m[K::SharedPtr gripper_client_;
      |                                       [01;31m[K^[m[K
[01m[K/home/wasim/r4s/src/eddie-ros/src/pick_place_fsm_mock.cpp:261:52:[m[K [01;31m[Kerror: [m[Kexpected initializer before â€˜[01m[Kgripper_client_[m[Kâ€™
  261 |   rclcpp_action::Client<GripperControl>::SharedPtr [01;31m[Kgripper_client_[m[K;
      |                                                    [01;31m[K^~~~~~~~~~~~~~~[m[K
[01m[K/home/wasim/r4s/src/eddie-ros/src/pick_place_fsm_mock.cpp:266:1:[m[K [01;31m[Kerror: [m[Kexpected declaration before â€˜[01m[K}[m[Kâ€™ token
  266 | [01;31m[K}[m[K;
      | [01;31m[K^[m[K
gmake[2]: *** [CMakeFiles/pick_place_fsm_mock.dir/build.make:76: CMakeFiles/pick_place_fsm_mock.dir/src/pick_place_fsm_mock.cpp.o] Error 1
gmake[1]: *** [CMakeFiles/Makefile2:717: CMakeFiles/pick_place_fsm_mock.dir/all] Error 2
gmake: *** [Makefile:146: all] Error 2
